[ 2014/06/13 11:48:31.590312 TRACE xorp_rtrmgr RTRMGR ] Configuration fil          := ./xorp.cfg
[ 2014/06/13 11:48:31.590413 TRACE xorp_rtrmgr RTRMGR ] Module directory           := /usr/lib/xorp/sbin
[ 2014/06/13 11:48:31.590430 TRACE xorp_rtrmgr RTRMGR ] Command directory          := /usr/lib/xorp/bin
[ 2014/06/13 11:48:31.590442 TRACE xorp_rtrmgr RTRMGR ] Templates directory        := /usr/share/xorp/templates
[ 2014/06/13 11:48:31.590454 TRACE xorp_rtrmgr RTRMGR ] Execute Xrls               := true
[ 2014/06/13 11:48:31.590465 TRACE xorp_rtrmgr RTRMGR ] Restart failed processes   := false
[ 2014/06/13 11:48:31.590477 TRACE xorp_rtrmgr RTRMGR ] Print verbose information  := true
[ 2014/06/13 11:48:31.619505  INFO xorp_rtrmgr:20607 RTRMGR rtrmgr/master_conf_tree.cc:257 execute ] Changed modules: fea, interfaces, mfea6, mld, rib, pimsm6, policy, fib2mrib
[ 2014/06/13 11:48:31.620028 TRACE xorp_rtrmgr RTRMGR ] New module: fea (xorp_fea)
[ 2014/06/13 11:48:31.620039  WARNING xorp_rtrmgr:20607 RTRMGR rtrmgr/module_command.cc:327 startup_validation ] WARNING:  Using DelayValidation, module_name: fea
[ 2014/06/13 11:48:31.620051 TRACE xorp_rtrmgr RTRMGR ] New module: interfaces (xorp_fea)
[ 2014/06/13 11:48:31.620060 TRACE xorp_rtrmgr RTRMGR ] New module: mfea6 (xorp_fea)
[ 2014/06/13 11:48:31.620068 TRACE xorp_rtrmgr RTRMGR ] New module: mld (xorp_mld)
[ 2014/06/13 11:48:31.620076 TRACE xorp_rtrmgr RTRMGR ] New module: rib (xorp_rib)
[ 2014/06/13 11:48:31.620085 TRACE xorp_rtrmgr RTRMGR ] New module: pimsm6 (xorp_pimsm6)
[ 2014/06/13 11:48:31.620094 TRACE xorp_rtrmgr RTRMGR ] New module: policy (xorp_policy)
[ 2014/06/13 11:48:31.620104 TRACE xorp_rtrmgr RTRMGR ] New module: fib2mrib (xorp_fib2mrib)
[ 2014/06/13 11:48:31.620375  INFO xorp_rtrmgr:20607 RTRMGR rtrmgr/module_manager.cc:100 execute ] Executing module: fea (xorp_fea)
[ 2014/06/13 11:48:33.621426 TRACE xorp_rtrmgr RTRMGR ] Validating with XRL: >finder://fea/common/0.1/get_status<
[ 2014/06/13 11:48:33.622441 TRACE xorp_rtrmgr RTRMGR ] Expanding xrl $(fea.targetname)/fti/0.2/set_unicast_forwarding_enabled6?enabled:bool=`~$(@)`
[ 2014/06/13 11:48:33.622537 TRACE xorp_rtrmgr RTRMGR ] Executing XRL: >finder://fea/fti/0.2/set_unicast_forwarding_enabled6?enabled:bool=true<
[ 2014/06/13 11:48:33.623001  INFO xorp_fea:20608 MFEA fea/mfea_node.cc:317 enable ] MFEA enabled
[ 2014/06/13 11:48:33.623092  INFO xorp_fea:20608 MFEA fea/mfea_node_cli.cc:126 enable ] CLI enabled
[ 2014/06/13 11:48:33.623246  INFO xorp_fea:20608 MFEA fea/mfea_node_cli.cc:92 start ] CLI started
[ 2014/06/13 11:48:33.623266  INFO xorp_fea:20608 MFEA fea/mfea_node.cc:317 enable ] MFEA enabled
[ 2014/06/13 11:48:33.623276  INFO xorp_fea:20608 MFEA fea/mfea_node_cli.cc:126 enable ] CLI enabled
[ 2014/06/13 11:48:33.623336  INFO xorp_fea:20608 MFEA fea/mfea_node_cli.cc:92 start ] CLI started
[ 2014/06/13 11:48:33.623674 TRACE xorp_rtrmgr RTRMGR ] Validating with XRL: >finder://fea/common/0.1/get_status<
[ 2014/06/13 11:48:33.623967  INFO xorp_rtrmgr:20607 RTRMGR rtrmgr/module_manager.cc:100 execute ] Executing module: interfaces (xorp_fea)
[ 2014/06/13 11:48:33.624025 TRACE xorp_rtrmgr RTRMGR ] Validating with XRL: >finder://fea/common/0.1/get_status<
[ 2014/06/13 11:48:33.624638 TRACE xorp_rtrmgr RTRMGR ] Startup with XRL: >finder://fea/ifmgr/0.1/startup_ifmgr<
[ 2014/06/13 11:48:33.625455 TRACE xorp_rtrmgr RTRMGR ] Validating with XRL: >finder://fea/common/0.1/get_status<
[ 2014/06/13 11:48:33.625694 TRACE xorp_rtrmgr RTRMGR ] Expanding xrl $(interfaces.targetname)/ifmgr/0.1/start_transaction->tid:u32=$(interfaces.TID)
[ 2014/06/13 11:48:33.625760 TRACE xorp_rtrmgr RTRMGR ] Executing XRL: >finder://fea/ifmgr/0.1/start_transaction<
[ 2014/06/13 11:48:33.626335 TRACE xorp_rtrmgr RTRMGR ] Expanding xrl $(interfaces.targetname)/ifmgr/0.1/set_restore_original_config_on_shutdown?enable:bool=$(@)
[ 2014/06/13 11:48:33.626412 TRACE xorp_rtrmgr RTRMGR ] Executing XRL: >finder://fea/ifmgr/0.1/set_restore_original_config_on_shutdown?enable:bool=false<
[ 2014/06/13 11:48:33.626911 TRACE xorp_rtrmgr RTRMGR ] Expanding xrl $(interfaces.targetname)/ifmgr/0.1/create_interface?tid:u32=$(interfaces.TID)&ifname:txt=$(@)
[ 2014/06/13 11:48:33.627035 TRACE xorp_rtrmgr RTRMGR ] Executing XRL: >finder://fea/ifmgr/0.1/create_interface?tid:u32=519027&ifname:txt=r1-eth0<
[ 2014/06/13 11:48:33.627576 TRACE xorp_rtrmgr RTRMGR ] Expanding xrl $(interfaces.targetname)/ifmgr/0.1/set_interface_enabled?tid:u32=$(interfaces.TID)&ifname:txt=$(interface.@)&enabled:bool=`~$(@)`
[ 2014/06/13 11:48:33.627706 TRACE xorp_rtrmgr RTRMGR ] Executing XRL: >finder://fea/ifmgr/0.1/set_interface_enabled?tid:u32=519027&ifname:txt=r1-eth0&enabled:bool=true<
[ 2014/06/13 11:48:33.628221 TRACE xorp_rtrmgr RTRMGR ] Expanding xrl $(interfaces.targetname)/ifmgr/0.1/set_interface_discard?tid:u32=$(interfaces.TID)&ifname:txt=$(interface.@)&discard:bool=$(@)
[ 2014/06/13 11:48:33.628374 TRACE xorp_rtrmgr RTRMGR ] Executing XRL: >finder://fea/ifmgr/0.1/set_interface_discard?tid:u32=519027&ifname:txt=r1-eth0&discard:bool=false<
[ 2014/06/13 11:48:33.628892 TRACE xorp_rtrmgr RTRMGR ] Expanding xrl $(interfaces.targetname)/ifmgr/0.1/set_interface_unreachable?tid:u32=$(interfaces.TID)&ifname:txt=$(interface.@)&unreachable:bool=$(@)
[ 2014/06/13 11:48:33.629021 TRACE xorp_rtrmgr RTRMGR ] Executing XRL: >finder://fea/ifmgr/0.1/set_interface_unreachable?tid:u32=519027&ifname:txt=r1-eth0&unreachable:bool=false<
[ 2014/06/13 11:48:33.629538 TRACE xorp_rtrmgr RTRMGR ] Expanding xrl $(interfaces.targetname)/ifmgr/0.1/set_interface_management?tid:u32=$(interfaces.TID)&ifname:txt=$(interface.@)&management:bool=$(@)
[ 2014/06/13 11:48:33.629669 TRACE xorp_rtrmgr RTRMGR ] Executing XRL: >finder://fea/ifmgr/0.1/set_interface_management?tid:u32=519027&ifname:txt=r1-eth0&management:bool=false<
[ 2014/06/13 11:48:33.630153 TRACE xorp_rtrmgr RTRMGR ] Expanding xrl $(interfaces.targetname)/ifmgr/0.1/set_parent_ifname?tid:u32=$(interfaces.TID)&ifname:txt=$(interface.@)&parent_ifname:txt=$(@)
[ 2014/06/13 11:48:33.630265 TRACE xorp_rtrmgr RTRMGR ] Executing XRL: >finder://fea/ifmgr/0.1/set_parent_ifname?tid:u32=519027&ifname:txt=r1-eth0&parent_ifname:txt=<
[ 2014/06/13 11:48:33.630719 TRACE xorp_rtrmgr RTRMGR ] Expanding xrl $(interfaces.targetname)/ifmgr/0.1/set_iface_type?tid:u32=$(interfaces.TID)&ifname:txt=$(interface.@)&iface_type:txt=$(@)
[ 2014/06/13 11:48:33.630826 TRACE xorp_rtrmgr RTRMGR ] Executing XRL: >finder://fea/ifmgr/0.1/set_iface_type?tid:u32=519027&ifname:txt=r1-eth0&iface_type:txt=<
[ 2014/06/13 11:48:33.631282 TRACE xorp_rtrmgr RTRMGR ] Expanding xrl $(interfaces.targetname)/ifmgr/0.1/set_vid?tid:u32=$(interfaces.TID)&ifname:txt=$(interface.@)&vid:txt=$(@)
[ 2014/06/13 11:48:33.631388 TRACE xorp_rtrmgr RTRMGR ] Executing XRL: >finder://fea/ifmgr/0.1/set_vid?tid:u32=519027&ifname:txt=r1-eth0&vid:txt=<
[ 2014/06/13 11:48:33.631837 TRACE xorp_rtrmgr RTRMGR ] Expanding xrl $(interfaces.targetname)/ifmgr/0.1/configure_interface_from_system?tid:u32=$(interfaces.TID)&ifname:txt=$(interface.@)&enable:bool=true
[ 2014/06/13 11:48:33.631946 TRACE xorp_rtrmgr RTRMGR ] Executing XRL: >finder://fea/ifmgr/0.1/configure_interface_from_system?tid:u32=519027&ifname:txt=r1-eth0&enable:bool=true<
[ 2014/06/13 11:48:33.632396 TRACE xorp_rtrmgr RTRMGR ] Expanding xrl $(interfaces.targetname)/ifmgr/0.1/create_interface?tid:u32=$(interfaces.TID)&ifname:txt=$(@)
[ 2014/06/13 11:48:33.632485 TRACE xorp_rtrmgr RTRMGR ] Executing XRL: >finder://fea/ifmgr/0.1/create_interface?tid:u32=519027&ifname:txt=r1-eth1<
[ 2014/06/13 11:48:33.632681 TRACE xorp_rtrmgr RTRMGR ] Expanding xrl $(interfaces.targetname)/ifmgr/0.1/set_interface_enabled?tid:u32=$(interfaces.TID)&ifname:txt=$(interface.@)&enabled:bool=`~$(@)`
[ 2014/06/13 11:48:33.632786 TRACE xorp_rtrmgr RTRMGR ] Executing XRL: >finder://fea/ifmgr/0.1/set_interface_enabled?tid:u32=519027&ifname:txt=r1-eth1&enabled:bool=true<
[ 2014/06/13 11:48:33.632981 TRACE xorp_rtrmgr RTRMGR ] Expanding xrl $(interfaces.targetname)/ifmgr/0.1/set_interface_discard?tid:u32=$(interfaces.TID)&ifname:txt=$(interface.@)&discard:bool=$(@)
[ 2014/06/13 11:48:33.633084 TRACE xorp_rtrmgr RTRMGR ] Executing XRL: >finder://fea/ifmgr/0.1/set_interface_discard?tid:u32=519027&ifname:txt=r1-eth1&discard:bool=false<
[ 2014/06/13 11:48:33.633287 TRACE xorp_rtrmgr RTRMGR ] Expanding xrl $(interfaces.targetname)/ifmgr/0.1/set_interface_unreachable?tid:u32=$(interfaces.TID)&ifname:txt=$(interface.@)&unreachable:bool=$(@)
[ 2014/06/13 11:48:33.633389 TRACE xorp_rtrmgr RTRMGR ] Executing XRL: >finder://fea/ifmgr/0.1/set_interface_unreachable?tid:u32=519027&ifname:txt=r1-eth1&unreachable:bool=false<
[ 2014/06/13 11:48:33.633554 TRACE xorp_rtrmgr RTRMGR ] Expanding xrl $(interfaces.targetname)/ifmgr/0.1/set_interface_management?tid:u32=$(interfaces.TID)&ifname:txt=$(interface.@)&management:bool=$(@)
[ 2014/06/13 11:48:33.633653 TRACE xorp_rtrmgr RTRMGR ] Executing XRL: >finder://fea/ifmgr/0.1/set_interface_management?tid:u32=519027&ifname:txt=r1-eth1&management:bool=false<
[ 2014/06/13 11:48:33.633817 TRACE xorp_rtrmgr RTRMGR ] Expanding xrl $(interfaces.targetname)/ifmgr/0.1/set_parent_ifname?tid:u32=$(interfaces.TID)&ifname:txt=$(interface.@)&parent_ifname:txt=$(@)
[ 2014/06/13 11:48:33.633915 TRACE xorp_rtrmgr RTRMGR ] Executing XRL: >finder://fea/ifmgr/0.1/set_parent_ifname?tid:u32=519027&ifname:txt=r1-eth1&parent_ifname:txt=<
[ 2014/06/13 11:48:33.634047 TRACE xorp_rtrmgr RTRMGR ] Expanding xrl $(interfaces.targetname)/ifmgr/0.1/set_iface_type?tid:u32=$(interfaces.TID)&ifname:txt=$(interface.@)&iface_type:txt=$(@)
[ 2014/06/13 11:48:33.634135 TRACE xorp_rtrmgr RTRMGR ] Executing XRL: >finder://fea/ifmgr/0.1/set_iface_type?tid:u32=519027&ifname:txt=r1-eth1&iface_type:txt=<
[ 2014/06/13 11:48:33.634302 TRACE xorp_rtrmgr RTRMGR ] Expanding xrl $(interfaces.targetname)/ifmgr/0.1/set_vid?tid:u32=$(interfaces.TID)&ifname:txt=$(interface.@)&vid:txt=$(@)
[ 2014/06/13 11:48:33.634399 TRACE xorp_rtrmgr RTRMGR ] Executing XRL: >finder://fea/ifmgr/0.1/set_vid?tid:u32=519027&ifname:txt=r1-eth1&vid:txt=<
[ 2014/06/13 11:48:33.634563 TRACE xorp_rtrmgr RTRMGR ] Expanding xrl $(interfaces.targetname)/ifmgr/0.1/configure_interface_from_system?tid:u32=$(interfaces.TID)&ifname:txt=$(interface.@)&enable:bool=true
[ 2014/06/13 11:48:33.634663 TRACE xorp_rtrmgr RTRMGR ] Executing XRL: >finder://fea/ifmgr/0.1/configure_interface_from_system?tid:u32=519027&ifname:txt=r1-eth1&enable:bool=true<
[ 2014/06/13 11:48:33.634759 TRACE xorp_rtrmgr RTRMGR ] Expanding xrl $(interfaces.targetname)/ifmgr/0.1/commit_transaction?tid:u32=$(interfaces.TID)
[ 2014/06/13 11:48:33.634822 TRACE xorp_rtrmgr RTRMGR ] Executing XRL: >finder://fea/ifmgr/0.1/commit_transaction?tid:u32=519027<
[ 2014/06/13 11:48:33.635270  WARNING xorp_fea:20608 FEA fea/data_plane/ifconfig/ifconfig_get_netlink_socket.cc:138 try_read_config_one ] NOTE:  Netlink get single network device works on this system.
[ 2014/06/13 11:48:33.635917 TRACE xorp_rtrmgr RTRMGR ] Validating with XRL: >finder://fea/common/0.1/get_status<
[ 2014/06/13 11:48:33.636092  INFO xorp_rtrmgr:20607 RTRMGR rtrmgr/module_manager.cc:100 execute ] Executing module: mfea6 (xorp_fea)
[ 2014/06/13 11:48:33.636146 TRACE xorp_rtrmgr RTRMGR ] Validating with XRL: >finder://MFEA_6/common/0.1/get_status<
[ 2014/06/13 11:48:33.636834 TRACE xorp_rtrmgr RTRMGR ] Startup with XRL: >finder://MFEA_6/common/0.1/startup<
[ 2014/06/13 11:48:33.637440  INFO xorp_fea:20608 MFEA fea/mfea_node.cc:940 add_vif ] Interface added: Vif[r1-eth0] pif_index: 204 vif_index: 0 addr: 2001::1 subnet: 2001::/64 broadcast: :: peer: :: addr: fe80::9012:34ff:fe30:29fc subnet: fe80::/64 broadcast: :: peer: :: Flags: MULTICAST BROADCAST UNDERLYING_VIF_UP MTU: 1500
[ 2014/06/13 11:48:33.637495  INFO xorp_fea:20608 MFEA fea/mfea_node.cc:940 add_vif ] Interface added: Vif[r1-eth1] pif_index: 215 vif_index: 1 addr: 2002::1 subnet: 2002::/64 broadcast: :: peer: :: addr: fe80::7c33:26ff:fe71:7ee9 subnet: fe80::/64 broadcast: :: peer: :: Flags: MULTICAST BROADCAST UNDERLYING_VIF_UP MTU: 1500
[ 2014/06/13 11:48:33.637576  WARNING xorp_fea:20608 FEA fea/data_plane/io/io_ip_socket.cc:310 IoIpSocket ] Registering with iftree: pushed-config
[ 2014/06/13 11:48:33.637649  INFO xorp_fea:20608 MFEA fea/mfea_mrouter.cc:901 start_mrt ] NOTE: MROUTE:  setsockopt(MRT6_TABLE, 254) works!  Supports multiple mcast-6 routing tables.
[ 2014/06/13 11:48:33.637680  INFO xorp_fea:20608 MFEA fea/mfea_node.cc:217 final_start ] MFEA started
[ 2014/06/13 11:48:33.637772 TRACE xorp_rtrmgr RTRMGR ] Validating with XRL: >finder://MFEA_6/common/0.1/get_status<
[ 2014/06/13 11:48:33.637986 TRACE xorp_rtrmgr RTRMGR ] Expanding xrl $(mfea6.targetname)/mfea/0.1/enable_vif?vif_name:txt=$(vif.@)&enable:bool=`~$(@)`
[ 2014/06/13 11:48:33.638077 TRACE xorp_rtrmgr RTRMGR ] Executing XRL: >finder://MFEA_6/mfea/0.1/enable_vif?vif_name:txt=r1-eth0&enable:bool=true<
[ 2014/06/13 11:48:33.638507  INFO xorp_fea:20608 MFEA fea/mfea_vif.cc:217 enable ] MfeaVif: Interface enable Vif[r1-eth0] pif_index: 204 vif_index: 0 addr: 2001::1 subnet: 2001::/64 broadcast: :: peer: :: addr: fe80::9012:34ff:fe30:29fc subnet: fe80::/64 broadcast: :: peer: :: Flags: MULTICAST BROADCAST UNDERLYING_VIF_UP MTU: 1500 DOWN IPv6 DISABLED
[ 2014/06/13 11:48:33.638616 TRACE xorp_rtrmgr RTRMGR ] Expanding xrl $(mfea6.targetname)/mfea/0.1/start_vif?vif_name:txt=$(vif.@)
[ 2014/06/13 11:48:33.638691 TRACE xorp_rtrmgr RTRMGR ] Executing XRL: >finder://MFEA_6/mfea/0.1/start_vif?vif_name:txt=r1-eth0<
[ 2014/06/13 11:48:33.639103  INFO xorp_fea:20608 MFEA fea/mfea_vif.cc:136 start ] Interface started: Vif[r1-eth0] pif_index: 204 vif_index: 0 addr: 2001::1 subnet: 2001::/64 broadcast: :: peer: :: addr: fe80::9012:34ff:fe30:29fc subnet: fe80::/64 broadcast: :: peer: :: Flags: MULTICAST BROADCAST UNDERLYING_VIF_UP MTU: 1500 UP IPv6 ENABLED
[ 2014/06/13 11:48:33.639165  INFO xorp_fea:20608 MFEA fea/mfea_node.cc:940 add_vif ] Interface added: Vif[register_vif] pif_index: 204 vif_index: 2 addr: 2001::1 subnet: 2001::1/128 broadcast: 2001::1 peer: :: addr: fe80::9012:34ff:fe30:29fc subnet: fe80::9012:34ff:fe30:29fc/128 broadcast: fe80::9012:34ff:fe30:29fc peer: :: Flags: PIM_REGISTER UNDERLYING_VIF_UP MTU: 1500
[ 2014/06/13 11:48:33.639318 TRACE xorp_rtrmgr RTRMGR ] Expanding xrl $(mfea6.targetname)/mfea/0.1/enable_vif?vif_name:txt=$(vif.@)&enable:bool=`~$(@)`
[ 2014/06/13 11:48:33.639409 TRACE xorp_rtrmgr RTRMGR ] Executing XRL: >finder://MFEA_6/mfea/0.1/enable_vif?vif_name:txt=r1-eth1&enable:bool=true<
[ 2014/06/13 11:48:33.639560  INFO xorp_fea:20608 MFEA fea/mfea_vif.cc:217 enable ] MfeaVif: Interface enable Vif[r1-eth1] pif_index: 215 vif_index: 1 addr: 2002::1 subnet: 2002::/64 broadcast: :: peer: :: addr: fe80::7c33:26ff:fe71:7ee9 subnet: fe80::/64 broadcast: :: peer: :: Flags: MULTICAST BROADCAST UNDERLYING_VIF_UP MTU: 1500 DOWN IPv6 DISABLED
[ 2014/06/13 11:48:33.639662 TRACE xorp_rtrmgr RTRMGR ] Expanding xrl $(mfea6.targetname)/mfea/0.1/start_vif?vif_name:txt=$(vif.@)
[ 2014/06/13 11:48:33.639733 TRACE xorp_rtrmgr RTRMGR ] Executing XRL: >finder://MFEA_6/mfea/0.1/start_vif?vif_name:txt=r1-eth1<
[ 2014/06/13 11:48:33.639821  INFO xorp_fea:20608 MFEA fea/mfea_vif.cc:136 start ] Interface started: Vif[r1-eth1] pif_index: 215 vif_index: 1 addr: 2002::1 subnet: 2002::/64 broadcast: :: peer: :: addr: fe80::7c33:26ff:fe71:7ee9 subnet: fe80::/64 broadcast: :: peer: :: Flags: MULTICAST BROADCAST UNDERLYING_VIF_UP MTU: 1500 UP IPv6 ENABLED
[ 2014/06/13 11:48:33.639918 TRACE xorp_rtrmgr RTRMGR ] Expanding xrl $(mfea6.targetname)/mfea/0.1/enable_vif?vif_name:txt=$(vif.@)&enable:bool=`~$(@)`
[ 2014/06/13 11:48:33.639999 TRACE xorp_rtrmgr RTRMGR ] Executing XRL: >finder://MFEA_6/mfea/0.1/enable_vif?vif_name:txt=register_vif&enable:bool=true<
[ 2014/06/13 11:48:33.640149  INFO xorp_fea:20608 MFEA fea/mfea_vif.cc:217 enable ] MfeaVif: Interface enable Vif[register_vif] pif_index: 204 vif_index: 2 addr: 2001::1 subnet: 2001::1/128 broadcast: 2001::1 peer: :: addr: fe80::9012:34ff:fe30:29fc subnet: fe80::9012:34ff:fe30:29fc/128 broadcast: fe80::9012:34ff:fe30:29fc peer: :: Flags: PIM_REGISTER UNDERLYING_VIF_UP MTU: 1500 DOWN IPv6 DISABLED
[ 2014/06/13 11:48:33.640251 TRACE xorp_rtrmgr RTRMGR ] Expanding xrl $(mfea6.targetname)/mfea/0.1/start_vif?vif_name:txt=$(vif.@)
[ 2014/06/13 11:48:33.640326 TRACE xorp_rtrmgr RTRMGR ] Executing XRL: >finder://MFEA_6/mfea/0.1/start_vif?vif_name:txt=register_vif<
[ 2014/06/13 11:48:33.642163  INFO xorp_fea:20608 MFEA fea/mfea_vif.cc:136 start ] Interface started: Vif[register_vif] pif_index: 204 vif_index: 2 addr: 2001::1 subnet: 2001::1/128 broadcast: 2001::1 peer: :: addr: fe80::9012:34ff:fe30:29fc subnet: fe80::9012:34ff:fe30:29fc/128 broadcast: fe80::9012:34ff:fe30:29fc peer: :: Flags: PIM_REGISTER UNDERLYING_VIF_UP MTU: 1500 UP IPv6 ENABLED
[ 2014/06/13 11:48:33.642334 TRACE xorp_rtrmgr RTRMGR ] Validating with XRL: >finder://MFEA_6/common/0.1/get_status<
[ 2014/06/13 11:48:33.642554  INFO xorp_rtrmgr:20607 RTRMGR rtrmgr/module_manager.cc:100 execute ] Executing module: mld (xorp_mld)
[ 2014/06/13 11:48:33.642938 TRACE xorp_rtrmgr RTRMGR ] Validating with XRL: >finder://MLD/common/0.1/get_status<
[ 2014/06/13 11:48:33.643131  WARNING xorp_rtrmgr:20607 XrlFinderTarget obj/x86_64-unknown-linux-gnu/xrl/targets/finder_base.cc:482 handle_finder_0_2_resolve_xrl ] Handling method for finder/0.2/resolve_xrl failed: XrlCmdError 102 Command failed Target "MLD" does not exist or is not enabled.
[ 2014/06/13 11:48:33.643266  WARNING xorp_rtrmgr:20607 RTRMGR rtrmgr/task.cc:215 xrl_done ] Failed to receive reply, code: 201 Resolve failed  retries: 0  max_retries: 30
[ 2014/06/13 11:48:33.679373  INFO xorp_mld:20609 MLD6IGMP mld6igmp/mld6igmp_node.cc:264 enable ] Protocol enabled
[ 2014/06/13 11:48:33.679478  INFO xorp_mld:20609 MLD6IGMP mld6igmp/mld6igmp_node_cli.cc:126 enable ] CLI enabled
[ 2014/06/13 11:48:33.679617  INFO xorp_mld:20609 MLD6IGMP mld6igmp/mld6igmp_node_cli.cc:95 start ] CLI started
[ 2014/06/13 11:48:34.644289 TRACE xorp_rtrmgr RTRMGR ] Validating with XRL: >finder://MLD/common/0.1/get_status<
[ 2014/06/13 11:48:34.645187 TRACE xorp_rtrmgr RTRMGR ] Startup with XRL: >finder://MLD/common/0.1/startup<
[ 2014/06/13 11:48:34.645835 TRACE xorp_rtrmgr RTRMGR ] Validating with XRL: >finder://MLD/common/0.1/get_status<
[ 2014/06/13 11:48:34.699197  INFO xorp_mld:20609 MLD6IGMP mld6igmp/mld6igmp_node.cc:172 final_start ] Protocol started
[ 2014/06/13 11:48:34.699384  INFO xorp_mld:20609 MLD6IGMP mld6igmp/mld6igmp_node.cc:710 add_vif ] mld6igmp: Interface added: Vif[r1-eth0] pif_index: 204 vif_index: 0 addr: 2001::1 subnet: 2001::/64 broadcast: :: peer: :: addr: fe80::9012:34ff:fe30:29fc subnet: fe80::/64 broadcast: :: peer: :: Flags: MULTICAST BROADCAST UNDERLYING_VIF_UP MTU: 1500
[ 2014/06/13 11:48:34.699433  INFO xorp_mld:20609 MLD6IGMP mld6igmp/mld6igmp_node.cc:710 add_vif ] mld6igmp: Interface added: Vif[r1-eth1] pif_index: 215 vif_index: 1 addr: 2002::1 subnet: 2002::/64 broadcast: :: peer: :: addr: fe80::7c33:26ff:fe71:7ee9 subnet: fe80::/64 broadcast: :: peer: :: Flags: MULTICAST BROADCAST UNDERLYING_VIF_UP MTU: 1500
[ 2014/06/13 11:48:35.647165 TRACE xorp_rtrmgr RTRMGR ] Validating with XRL: >finder://MLD/common/0.1/get_status<
[ 2014/06/13 11:48:35.647473 TRACE xorp_rtrmgr RTRMGR ] Expanding xrl $(mld.targetname)/mld6igmp/0.1/enable_vif?vif_name:txt=$(vif.@)&enable:bool=`~$(@)`
[ 2014/06/13 11:48:35.647583 TRACE xorp_rtrmgr RTRMGR ] Executing XRL: >finder://MLD/mld6igmp/0.1/enable_vif?vif_name:txt=r1-eth0&enable:bool=true<
[ 2014/06/13 11:48:35.648094  INFO xorp_mld:20609 MLD6IGMP mld6igmp/mld6igmp_vif.cc:429 enable ] Interface enabled: Vif[r1-eth0] pif_index: 204 vif_index: 0 addr: 2001::1 subnet: 2001::/64 broadcast: :: peer: :: addr: fe80::9012:34ff:fe30:29fc subnet: fe80::/64 broadcast: :: peer: :: Flags: MULTICAST BROADCAST UNDERLYING_VIF_UP MTU: 1500 DOWN IPv6 ENABLED
[ 2014/06/13 11:48:35.648219 TRACE xorp_rtrmgr RTRMGR ] Expanding xrl $(mld.targetname)/mld6igmp/0.1/set_vif_proto_version?vif_name:txt=$(vif.@)&proto_version:u32=$(@)
[ 2014/06/13 11:48:35.648315 TRACE xorp_rtrmgr RTRMGR ] Executing XRL: >finder://MLD/mld6igmp/0.1/set_vif_proto_version?vif_name:txt=r1-eth0&proto_version:u32=2<
[ 2014/06/13 11:48:35.648821 TRACE xorp_rtrmgr RTRMGR ] Expanding xrl $(mld.targetname)/mld6igmp/0.1/set_vif_ip_router_alert_option_check?vif_name:txt=$(vif.@)&enable:bool=$(@)
[ 2014/06/13 11:48:35.648943 TRACE xorp_rtrmgr RTRMGR ] Executing XRL: >finder://MLD/mld6igmp/0.1/set_vif_ip_router_alert_option_check?vif_name:txt=r1-eth0&enable:bool=false<
[ 2014/06/13 11:48:35.649438 TRACE xorp_rtrmgr RTRMGR ] Expanding xrl $(mld.targetname)/mld6igmp/0.1/set_vif_query_interval?vif_name:txt=$(vif.@)&interval_sec:u32=$(@)&interval_usec:u32=0
[ 2014/06/13 11:48:35.649554 TRACE xorp_rtrmgr RTRMGR ] Executing XRL: >finder://MLD/mld6igmp/0.1/set_vif_query_interval?vif_name:txt=r1-eth0&interval_sec:u32=15&interval_usec:u32=0<
[ 2014/06/13 11:48:35.650053 TRACE xorp_rtrmgr RTRMGR ] Expanding xrl $(mld.targetname)/mld6igmp/0.1/set_vif_query_last_member_interval?vif_name:txt=$(vif.@)&interval_sec:u32=$(@)&interval_usec:u32=0
[ 2014/06/13 11:48:35.650169 TRACE xorp_rtrmgr RTRMGR ] Executing XRL: >finder://MLD/mld6igmp/0.1/set_vif_query_last_member_interval?vif_name:txt=r1-eth0&interval_sec:u32=1&interval_usec:u32=0<
[ 2014/06/13 11:48:35.650660 TRACE xorp_rtrmgr RTRMGR ] Expanding xrl $(mld.targetname)/mld6igmp/0.1/set_vif_query_response_interval?vif_name:txt=$(vif.@)&interval_sec:u32=$(@)&interval_usec:u32=0
[ 2014/06/13 11:48:35.650775 TRACE xorp_rtrmgr RTRMGR ] Executing XRL: >finder://MLD/mld6igmp/0.1/set_vif_query_response_interval?vif_name:txt=r1-eth0&interval_sec:u32=10&interval_usec:u32=0<
[ 2014/06/13 11:48:35.651274 TRACE xorp_rtrmgr RTRMGR ] Expanding xrl $(mld.targetname)/mld6igmp/0.1/set_vif_robust_count?vif_name:txt=$(vif.@)&robust_count:u32=$(@)
[ 2014/06/13 11:48:35.651382 TRACE xorp_rtrmgr RTRMGR ] Executing XRL: >finder://MLD/mld6igmp/0.1/set_vif_robust_count?vif_name:txt=r1-eth0&robust_count:u32=2<
[ 2014/06/13 11:48:35.651870 TRACE xorp_rtrmgr RTRMGR ] Expanding xrl $(mld.targetname)/mld6igmp/0.1/start_vif?vif_name:txt=$(vif.@)
[ 2014/06/13 11:48:35.651965 TRACE xorp_rtrmgr RTRMGR ] Executing XRL: >finder://MLD/mld6igmp/0.1/start_vif?vif_name:txt=r1-eth0<
[ 2014/06/13 11:48:35.652591  INFO xorp_mld:20609 MLD6IGMP mld6igmp/mld6igmp_vif.cc:314 start ] Interface started: Vif[r1-eth0] pif_index: 204 vif_index: 0 addr: 2001::1 subnet: 2001::/64 broadcast: :: peer: :: addr: fe80::9012:34ff:fe30:29fc subnet: fe80::/64 broadcast: :: peer: :: Flags: MULTICAST BROADCAST UNDERLYING_VIF_UP MTU: 1500 UP IPv6 ENABLED
[ 2014/06/13 11:48:35.652729 TRACE xorp_rtrmgr RTRMGR ] Expanding xrl $(mld.targetname)/mld6igmp/0.1/enable_vif?vif_name:txt=$(vif.@)&enable:bool=`~$(@)`
[ 2014/06/13 11:48:35.652826 TRACE xorp_rtrmgr RTRMGR ] Executing XRL: >finder://MLD/mld6igmp/0.1/enable_vif?vif_name:txt=r1-eth1&enable:bool=true<
[ 2014/06/13 11:48:35.652982  INFO xorp_mld:20609 MLD6IGMP mld6igmp/mld6igmp_vif.cc:429 enable ] Interface enabled: Vif[r1-eth1] pif_index: 215 vif_index: 1 addr: 2002::1 subnet: 2002::/64 broadcast: :: peer: :: addr: fe80::7c33:26ff:fe71:7ee9 subnet: fe80::/64 broadcast: :: peer: :: Flags: MULTICAST BROADCAST UNDERLYING_VIF_UP MTU: 1500 DOWN IPv6 ENABLED
[ 2014/06/13 11:48:35.653078 TRACE xorp_rtrmgr RTRMGR ] Expanding xrl $(mld.targetname)/mld6igmp/0.1/set_vif_proto_version?vif_name:txt=$(vif.@)&proto_version:u32=$(@)
[ 2014/06/13 11:48:35.653158 TRACE xorp_rtrmgr RTRMGR ] Executing XRL: >finder://MLD/mld6igmp/0.1/set_vif_proto_version?vif_name:txt=r1-eth1&proto_version:u32=2<
[ 2014/06/13 11:48:35.653446 TRACE xorp_rtrmgr RTRMGR ] Expanding xrl $(mld.targetname)/mld6igmp/0.1/set_vif_ip_router_alert_option_check?vif_name:txt=$(vif.@)&enable:bool=$(@)
[ 2014/06/13 11:48:35.653553 TRACE xorp_rtrmgr RTRMGR ] Executing XRL: >finder://MLD/mld6igmp/0.1/set_vif_ip_router_alert_option_check?vif_name:txt=r1-eth1&enable:bool=false<
[ 2014/06/13 11:48:35.653833 TRACE xorp_rtrmgr RTRMGR ] Expanding xrl $(mld.targetname)/mld6igmp/0.1/set_vif_query_interval?vif_name:txt=$(vif.@)&interval_sec:u32=$(@)&interval_usec:u32=0
[ 2014/06/13 11:48:35.653926 TRACE xorp_rtrmgr RTRMGR ] Executing XRL: >finder://MLD/mld6igmp/0.1/set_vif_query_interval?vif_name:txt=r1-eth1&interval_sec:u32=15&interval_usec:u32=0<
[ 2014/06/13 11:48:35.654108 TRACE xorp_rtrmgr RTRMGR ] Expanding xrl $(mld.targetname)/mld6igmp/0.1/set_vif_query_last_member_interval?vif_name:txt=$(vif.@)&interval_sec:u32=$(@)&interval_usec:u32=0
[ 2014/06/13 11:48:35.654205 TRACE xorp_rtrmgr RTRMGR ] Executing XRL: >finder://MLD/mld6igmp/0.1/set_vif_query_last_member_interval?vif_name:txt=r1-eth1&interval_sec:u32=1&interval_usec:u32=0<
[ 2014/06/13 11:48:35.654538 TRACE xorp_rtrmgr RTRMGR ] Expanding xrl $(mld.targetname)/mld6igmp/0.1/set_vif_query_response_interval?vif_name:txt=$(vif.@)&interval_sec:u32=$(@)&interval_usec:u32=0
[ 2014/06/13 11:48:35.654654 TRACE xorp_rtrmgr RTRMGR ] Executing XRL: >finder://MLD/mld6igmp/0.1/set_vif_query_response_interval?vif_name:txt=r1-eth1&interval_sec:u32=10&interval_usec:u32=0<
[ 2014/06/13 11:48:35.654589  INFO xorp_fea:20608 FEA fea/data_plane/io/io_ip_socket.cc:878 findOrCreateInputSocket ] Successfully bound socket: 44 to interface: r1-eth0  input sockets size: 1
[ 2014/06/13 11:48:35.654630  INFO xorp_fea:20608 FEA fea/data_plane/io/io_ip_socket.cc:636 join_multicast_group ] Joined IPv6 group: ff02::1 on interface r1-eth0 vif r1-eth0  socket: 44
[ 2014/06/13 11:48:35.654823 TRACE xorp_rtrmgr RTRMGR ] Expanding xrl $(mld.targetname)/mld6igmp/0.1/set_vif_robust_count?vif_name:txt=$(vif.@)&robust_count:u32=$(@)
[ 2014/06/13 11:48:35.654902 TRACE xorp_rtrmgr RTRMGR ] Executing XRL: >finder://MLD/mld6igmp/0.1/set_vif_robust_count?vif_name:txt=r1-eth1&robust_count:u32=2<
[ 2014/06/13 11:48:35.654893  INFO xorp_fea:20608 FEA fea/data_plane/io/io_ip_socket.cc:636 join_multicast_group ] Joined IPv6 group: ff02::2 on interface r1-eth0 vif r1-eth0  socket: 44
[ 2014/06/13 11:48:35.655138 TRACE xorp_rtrmgr RTRMGR ] Expanding xrl $(mld.targetname)/mld6igmp/0.1/start_vif?vif_name:txt=$(vif.@)
[ 2014/06/13 11:48:35.655231 TRACE xorp_rtrmgr RTRMGR ] Executing XRL: >finder://MLD/mld6igmp/0.1/start_vif?vif_name:txt=r1-eth1<
[ 2014/06/13 11:48:35.655156  INFO xorp_fea:20608 FEA fea/data_plane/io/io_ip_socket.cc:636 join_multicast_group ] Joined IPv6 group: ff02::16 on interface r1-eth0 vif r1-eth0  socket: 44
[ 2014/06/13 11:48:35.655603 TRACE xorp_rtrmgr RTRMGR ] Validating with XRL: >finder://MLD/common/0.1/get_status<
[ 2014/06/13 11:48:35.655469  INFO xorp_mld:20609 MLD6IGMP mld6igmp/mld6igmp_vif.cc:314 start ] Interface started: Vif[r1-eth1] pif_index: 215 vif_index: 1 addr: 2002::1 subnet: 2002::/64 broadcast: :: peer: :: addr: fe80::7c33:26ff:fe71:7ee9 subnet: fe80::/64 broadcast: :: peer: :: Flags: MULTICAST BROADCAST UNDERLYING_VIF_UP MTU: 1500 UP IPv6 ENABLED
[ 2014/06/13 11:48:35.655964  INFO xorp_rtrmgr:20607 RTRMGR rtrmgr/module_manager.cc:100 execute ] Executing module: rib (xorp_rib)
[ 2014/06/13 11:48:35.656323 TRACE xorp_rtrmgr RTRMGR ] Validating with XRL: >finder://rib/common/0.1/get_status<
[ 2014/06/13 11:48:35.656500  WARNING xorp_rtrmgr:20607 XrlFinderTarget obj/x86_64-unknown-linux-gnu/xrl/targets/finder_base.cc:482 handle_finder_0_2_resolve_xrl ] Handling method for finder/0.2/resolve_xrl failed: XrlCmdError 102 Command failed Target "rib" does not exist or is not enabled.
[ 2014/06/13 11:48:35.656721  WARNING xorp_rtrmgr:20607 RTRMGR rtrmgr/task.cc:215 xrl_done ] Failed to receive reply, code: 201 Resolve failed  retries: 0  max_retries: 30
[ 2014/06/13 11:48:35.656684  INFO xorp_fea:20608 FEA fea/data_plane/io/io_ip_socket.cc:878 findOrCreateInputSocket ] Successfully bound socket: 45 to interface: r1-eth1  input sockets size: 2
[ 2014/06/13 11:48:35.656720  INFO xorp_fea:20608 FEA fea/data_plane/io/io_ip_socket.cc:636 join_multicast_group ] Joined IPv6 group: ff02::1 on interface r1-eth1 vif r1-eth1  socket: 45
[ 2014/06/13 11:48:35.657114  INFO xorp_fea:20608 FEA fea/data_plane/io/io_ip_socket.cc:636 join_multicast_group ] Joined IPv6 group: ff02::2 on interface r1-eth1 vif r1-eth1  socket: 45
[ 2014/06/13 11:48:35.657459  INFO xorp_fea:20608 FEA fea/data_plane/io/io_ip_socket.cc:636 join_multicast_group ] Joined IPv6 group: ff02::16 on interface r1-eth1 vif r1-eth1  socket: 45
[ 2014/06/13 11:48:36.340688 WARNING xorp_mld MLD6IGMP ] RX packet from fe80::d8c2:49ff:fe5a:3e6e to ff02::2 on vif r1-eth1: too short data field (16 octets)
[ 2014/06/13 11:48:36.340757 WARNING xorp_mld MLD6IGMP ] RX packet from fe80::d8c2:49ff:fe5a:3e6e to ff02::2 on vif r1-eth1: too short data field (16 octets)
[ 2014/06/13 11:48:36.452701 WARNING xorp_mld MLD6IGMP ] RX packet from fe80::2c99:ccff:fe86:e9e1 to ff02::2 on vif r1-eth1: too short data field (16 octets)
[ 2014/06/13 11:48:36.452763 WARNING xorp_mld MLD6IGMP ] RX packet from fe80::2c99:ccff:fe86:e9e1 to ff02::2 on vif r1-eth1: too short data field (16 octets)
[ 2014/06/13 11:48:36.452831 WARNING xorp_mld MLD6IGMP ] RX packet from fe80::84f7:99ff:fe74:ea4d to ff02::2 on vif r1-eth1: too short data field (16 octets)
[ 2014/06/13 11:48:36.452874 WARNING xorp_mld MLD6IGMP ] RX packet from fe80::84f7:99ff:fe74:ea4d to ff02::2 on vif r1-eth1: too short data field (16 octets)
[ 2014/06/13 11:48:36.548735 WARNING xorp_mld MLD6IGMP ] RX packet from fe80::7869:6bff:fecc:def2 to ff02::2 on vif r1-eth1: too short data field (16 octets)
[ 2014/06/13 11:48:36.548798 WARNING xorp_mld MLD6IGMP ] RX packet from fe80::7869:6bff:fecc:def2 to ff02::2 on vif r1-eth1: too short data field (16 octets)
[ 2014/06/13 11:48:36.656877 TRACE xorp_rtrmgr RTRMGR ] Validating with XRL: >finder://rib/common/0.1/get_status<
[ 2014/06/13 11:48:36.657690 TRACE xorp_rtrmgr RTRMGR ] Startup with XRL: >finder://rib/common/0.1/startup<
[ 2014/06/13 11:48:36.658249 TRACE xorp_rtrmgr RTRMGR ] Validating with XRL: >finder://rib/common/0.1/get_status<
[ 2014/06/13 11:48:36.658462  INFO xorp_rtrmgr:20607 RTRMGR rtrmgr/module_manager.cc:100 execute ] Executing module: pimsm6 (xorp_pimsm6)
[ 2014/06/13 11:48:36.658863 TRACE xorp_rtrmgr RTRMGR ] Validating with XRL: >finder://PIMSM_6/common/0.1/get_status<
[ 2014/06/13 11:48:36.659049  WARNING xorp_rtrmgr:20607 XrlFinderTarget obj/x86_64-unknown-linux-gnu/xrl/targets/finder_base.cc:482 handle_finder_0_2_resolve_xrl ] Handling method for finder/0.2/resolve_xrl failed: XrlCmdError 102 Command failed Target "PIMSM_6" does not exist or is not enabled.
[ 2014/06/13 11:48:36.659180  WARNING xorp_rtrmgr:20607 RTRMGR rtrmgr/task.cc:215 xrl_done ] Failed to receive reply, code: 201 Resolve failed  retries: 0  max_retries: 30
[ 2014/06/13 11:48:36.816879 INFO xorp_pimsm6 PIM ] Protocol enabled
[ 2014/06/13 11:48:36.816985 INFO xorp_pimsm6 PIM ] CLI enabled
[ 2014/06/13 11:48:36.817160 INFO xorp_pimsm6 PIM ] CLI started
[ 2014/06/13 11:48:36.900723 WARNING xorp_mld MLD6IGMP ] RX packet from fe80::ccee:a1ff:fe67:3ca7 to ff02::2 on vif r1-eth1: too short data field (16 octets)
[ 2014/06/13 11:48:36.900787 WARNING xorp_mld MLD6IGMP ] RX packet from fe80::ccee:a1ff:fe67:3ca7 to ff02::2 on vif r1-eth1: too short data field (16 octets)
[ 2014/06/13 11:48:36.948671 WARNING xorp_mld MLD6IGMP ] RX packet from fe80::ec85:c7ff:fe19:c48f to ff02::2 on vif r1-eth1: too short data field (16 octets)
[ 2014/06/13 11:48:36.948732 WARNING xorp_mld MLD6IGMP ] RX packet from fe80::ec85:c7ff:fe19:c48f to ff02::2 on vif r1-eth1: too short data field (16 octets)
[ 2014/06/13 11:48:36.948799 WARNING xorp_mld MLD6IGMP ] RX packet from fe80::3888:ceff:fe10:b775 to ff02::2 on vif r1-eth1: too short data field (16 octets)
[ 2014/06/13 11:48:36.948838 WARNING xorp_mld MLD6IGMP ] RX packet from fe80::3888:ceff:fe10:b775 to ff02::2 on vif r1-eth1: too short data field (16 octets)
[ 2014/06/13 11:48:36.980661 WARNING xorp_mld MLD6IGMP ] RX packet from fe80::54ec:d4ff:fe30:49d7 to ff02::2 on vif r1-eth0: too short data field (16 octets)
[ 2014/06/13 11:48:36.980720 WARNING xorp_mld MLD6IGMP ] RX packet from fe80::54ec:d4ff:fe30:49d7 to ff02::2 on vif r1-eth0: too short data field (16 octets)
[ 2014/06/13 11:48:37.228680 WARNING xorp_mld MLD6IGMP ] RX packet from fe80::5ced:daff:fe4d:15a2 to ff02::2 on vif r1-eth1: too short data field (16 octets)
[ 2014/06/13 11:48:37.228743 WARNING xorp_mld MLD6IGMP ] RX packet from fe80::5ced:daff:fe4d:15a2 to ff02::2 on vif r1-eth1: too short data field (16 octets)
[ 2014/06/13 11:48:37.252676 WARNING xorp_mld MLD6IGMP ] RX packet from fe80::d807:15ff:fe43:a375 to ff02::2 on vif r1-eth1: too short data field (16 octets)
[ 2014/06/13 11:48:37.252737 WARNING xorp_mld MLD6IGMP ] RX packet from fe80::d807:15ff:fe43:a375 to ff02::2 on vif r1-eth1: too short data field (16 octets)
[ 2014/06/13 11:48:37.364681 WARNING xorp_mld MLD6IGMP ] RX packet from fe80::2423:95ff:fe85:e5b to ff02::2 on vif r1-eth1: too short data field (16 octets)
[ 2014/06/13 11:48:37.364741 WARNING xorp_mld MLD6IGMP ] RX packet from fe80::2423:95ff:fe85:e5b to ff02::2 on vif r1-eth1: too short data field (16 octets)
[ 2014/06/13 11:48:37.659518 TRACE xorp_rtrmgr RTRMGR ] Validating with XRL: >finder://PIMSM_6/common/0.1/get_status<
[ 2014/06/13 11:48:37.660434 TRACE xorp_rtrmgr RTRMGR ] Startup with XRL: >finder://PIMSM_6/common/0.1/startup<
[ 2014/06/13 11:48:37.661155 TRACE xorp_rtrmgr RTRMGR ] Validating with XRL: >finder://PIMSM_6/common/0.1/get_status<
[ 2014/06/13 11:48:37.719364 INFO xorp_pimsm6 PIM ] Protocol started
[ 2014/06/13 11:48:37.719740 INFO xorp_pimsm6 PIM ] Interface added: Vif[r1-eth0] pif_index: 204 vif_index: 0 addr: 2001::1 subnet: 2001::/64 broadcast: :: peer: :: addr: fe80::9012:34ff:fe30:29fc subnet: fe80::/64 broadcast: :: peer: :: Flags: MULTICAST BROADCAST UNDERLYING_VIF_UP MTU: 1500
[ 2014/06/13 11:48:37.719923 INFO xorp_pimsm6 PIM ] Interface added: Vif[r1-eth1] pif_index: 215 vif_index: 1 addr: 2002::1 subnet: 2002::/64 broadcast: :: peer: :: addr: fe80::7c33:26ff:fe71:7ee9 subnet: fe80::/64 broadcast: :: peer: :: Flags: MULTICAST BROADCAST UNDERLYING_VIF_UP MTU: 1500
[ 2014/06/13 11:48:37.720080 INFO xorp_pimsm6 PIM ] Interface added: Vif[register_vif] pif_index: 0 vif_index: 2 addr: 2001::1 subnet: 2001::1/128 broadcast: :: peer: :: addr: fe80::9012:34ff:fe30:29fc subnet: fe80::9012:34ff:fe30:29fc/128 broadcast: :: peer: :: Flags: PIM_REGISTER UNDERLYING_VIF_UP MTU: 1500
[ 2014/06/13 11:48:38.662461 TRACE xorp_rtrmgr RTRMGR ] Validating with XRL: >finder://PIMSM_6/common/0.1/get_status<
[ 2014/06/13 11:48:38.662777 TRACE xorp_rtrmgr RTRMGR ] Expanding xrl $(pimsm6.targetname)/pim/0.1/enable_vif?vif_name:txt=$(vif.@)&enable:bool=`~$(@)`
[ 2014/06/13 11:48:38.662884 TRACE xorp_rtrmgr RTRMGR ] Executing XRL: >finder://PIMSM_6/pim/0.1/enable_vif?vif_name:txt=r1-eth0&enable:bool=true<
[ 2014/06/13 11:48:38.663418 INFO xorp_pimsm6 PIM ] Interface enabled: Vif[r1-eth0] pif_index: 204 vif_index: 0 addr: 2001::1 subnet: 2001::/64 broadcast: :: peer: :: addr: fe80::9012:34ff:fe30:29fc subnet: fe80::/64 broadcast: :: peer: :: Flags: MULTICAST BROADCAST UNDERLYING_VIF_UP MTU: 1500 DOWN IPv6 ENABLED
[ 2014/06/13 11:48:38.663560 TRACE xorp_rtrmgr RTRMGR ] Expanding xrl $(pimsm6.targetname)/pim/0.1/set_vif_dr_priority?vif_name:txt=$(vif.@)&dr_priority:u32=$(@)
[ 2014/06/13 11:48:38.663655 TRACE xorp_rtrmgr RTRMGR ] Executing XRL: >finder://PIMSM_6/pim/0.1/set_vif_dr_priority?vif_name:txt=r1-eth0&dr_priority:u32=1<
[ 2014/06/13 11:48:38.664224 TRACE xorp_rtrmgr RTRMGR ] Expanding xrl $(pimsm6.targetname)/pim/0.1/set_vif_hello_period?vif_name:txt=$(vif.@)&hello_period:u32=$(@)
[ 2014/06/13 11:48:38.664330 TRACE xorp_rtrmgr RTRMGR ] Executing XRL: >finder://PIMSM_6/pim/0.1/set_vif_hello_period?vif_name:txt=r1-eth0&hello_period:u32=30<
[ 2014/06/13 11:48:38.664904 TRACE xorp_rtrmgr RTRMGR ] Expanding xrl $(pimsm6.targetname)/pim/0.1/set_vif_hello_triggered_delay?vif_name:txt=$(vif.@)&hello_triggered_delay:u32=$(@)
[ 2014/06/13 11:48:38.665012 TRACE xorp_rtrmgr RTRMGR ] Executing XRL: >finder://PIMSM_6/pim/0.1/set_vif_hello_triggered_delay?vif_name:txt=r1-eth0&hello_triggered_delay:u32=5<
[ 2014/06/13 11:48:38.665551 TRACE xorp_rtrmgr RTRMGR ] Expanding xrl $(pimsm6.targetname)/pim/0.1/start_vif?vif_name:txt=$(vif.@)
[ 2014/06/13 11:48:38.665645 TRACE xorp_rtrmgr RTRMGR ] Executing XRL: >finder://PIMSM_6/pim/0.1/start_vif?vif_name:txt=r1-eth0<
[ 2014/06/13 11:48:38.666258 INFO xorp_pimsm6 PIM ] Interface started: Vif[r1-eth0] pif_index: 204 vif_index: 0 addr: 2001::1 subnet: 2001::/64 broadcast: :: peer: :: addr: fe80::9012:34ff:fe30:29fc subnet: fe80::/64 broadcast: :: peer: :: Flags: MULTICAST BROADCAST UNDERLYING_VIF_UP MTU: 1500 UP IPv6 ENABLED
[ 2014/06/13 11:48:38.666408 TRACE xorp_rtrmgr RTRMGR ] Expanding xrl $(pimsm6.targetname)/pim/0.1/enable_vif?vif_name:txt=$(vif.@)&enable:bool=`~$(@)`
[ 2014/06/13 11:48:38.666503 TRACE xorp_rtrmgr RTRMGR ] Executing XRL: >finder://PIMSM_6/pim/0.1/enable_vif?vif_name:txt=r1-eth1&enable:bool=true<
[ 2014/06/13 11:48:38.666666 INFO xorp_pimsm6 PIM ] Interface enabled: Vif[r1-eth1] pif_index: 215 vif_index: 1 addr: 2002::1 subnet: 2002::/64 broadcast: :: peer: :: addr: fe80::7c33:26ff:fe71:7ee9 subnet: fe80::/64 broadcast: :: peer: :: Flags: MULTICAST BROADCAST UNDERLYING_VIF_UP MTU: 1500 DOWN IPv6 ENABLED
[ 2014/06/13 11:48:38.666766 TRACE xorp_rtrmgr RTRMGR ] Expanding xrl $(pimsm6.targetname)/pim/0.1/set_vif_dr_priority?vif_name:txt=$(vif.@)&dr_priority:u32=$(@)
[ 2014/06/13 11:48:38.666844 TRACE xorp_rtrmgr RTRMGR ] Executing XRL: >finder://PIMSM_6/pim/0.1/set_vif_dr_priority?vif_name:txt=r1-eth1&dr_priority:u32=1<
[ 2014/06/13 11:48:38.667279 TRACE xorp_rtrmgr RTRMGR ] Expanding xrl $(pimsm6.targetname)/pim/0.1/set_vif_hello_period?vif_name:txt=$(vif.@)&hello_period:u32=$(@)
[ 2014/06/13 11:48:38.667359 TRACE xorp_rtrmgr RTRMGR ] Executing XRL: >finder://PIMSM_6/pim/0.1/set_vif_hello_period?vif_name:txt=r1-eth1&hello_period:u32=30<
[ 2014/06/13 11:48:38.667174  WARNING xorp_fea:20608 FEA fea/data_plane/io/io_ip_socket.cc:310 IoIpSocket ] Registering with iftree: pushed-config
[ 2014/06/13 11:48:38.667939 TRACE xorp_rtrmgr RTRMGR ] Expanding xrl $(pimsm6.targetname)/pim/0.1/set_vif_hello_triggered_delay?vif_name:txt=$(vif.@)&hello_triggered_delay:u32=$(@)
[ 2014/06/13 11:48:38.668043 TRACE xorp_rtrmgr RTRMGR ] Executing XRL: >finder://PIMSM_6/pim/0.1/set_vif_hello_triggered_delay?vif_name:txt=r1-eth1&hello_triggered_delay:u32=5<
[ 2014/06/13 11:48:38.668415 TRACE xorp_rtrmgr RTRMGR ] Expanding xrl $(pimsm6.targetname)/pim/0.1/start_vif?vif_name:txt=$(vif.@)
[ 2014/06/13 11:48:38.668489 TRACE xorp_rtrmgr RTRMGR ] Executing XRL: >finder://PIMSM_6/pim/0.1/start_vif?vif_name:txt=r1-eth1<
[ 2014/06/13 11:48:38.668712 INFO xorp_pimsm6 PIM ] Interface started: Vif[r1-eth1] pif_index: 215 vif_index: 1 addr: 2002::1 subnet: 2002::/64 broadcast: :: peer: :: addr: fe80::7c33:26ff:fe71:7ee9 subnet: fe80::/64 broadcast: :: peer: :: Flags: MULTICAST BROADCAST UNDERLYING_VIF_UP MTU: 1500 UP IPv6 ENABLED
[ 2014/06/13 11:48:38.669134 TRACE xorp_rtrmgr RTRMGR ] Expanding xrl $(pimsm6.targetname)/pim/0.1/enable_vif?vif_name:txt=$(vif.@)&enable:bool=`~$(@)`
[ 2014/06/13 11:48:38.669241 TRACE xorp_rtrmgr RTRMGR ] Executing XRL: >finder://PIMSM_6/pim/0.1/enable_vif?vif_name:txt=register_vif&enable:bool=true<
[ 2014/06/13 11:48:38.669425 INFO xorp_pimsm6 PIM ] Interface enabled: Vif[register_vif] pif_index: 0 vif_index: 2 addr: 2001::1 subnet: 2001::1/128 broadcast: :: peer: :: addr: fe80::9012:34ff:fe30:29fc subnet: fe80::9012:34ff:fe30:29fc/128 broadcast: :: peer: :: Flags: PIM_REGISTER UNDERLYING_VIF_UP MTU: 1500 DOWN IPv6 ENABLED
[ 2014/06/13 11:48:38.669618 TRACE xorp_rtrmgr RTRMGR ] Expanding xrl $(pimsm6.targetname)/pim/0.1/set_vif_dr_priority?vif_name:txt=$(vif.@)&dr_priority:u32=$(@)
[ 2014/06/13 11:48:38.669711 TRACE xorp_rtrmgr RTRMGR ] Executing XRL: >finder://PIMSM_6/pim/0.1/set_vif_dr_priority?vif_name:txt=register_vif&dr_priority:u32=1<
[ 2014/06/13 11:48:38.669941 TRACE xorp_rtrmgr RTRMGR ] Expanding xrl $(pimsm6.targetname)/pim/0.1/set_vif_hello_period?vif_name:txt=$(vif.@)&hello_period:u32=$(@)
[ 2014/06/13 11:48:38.670047 TRACE xorp_rtrmgr RTRMGR ] Executing XRL: >finder://PIMSM_6/pim/0.1/set_vif_hello_period?vif_name:txt=register_vif&hello_period:u32=30<
[ 2014/06/13 11:48:38.670109  INFO xorp_fea:20608 FEA fea/data_plane/io/io_ip_socket.cc:878 findOrCreateInputSocket ] Successfully bound socket: 56 to interface: r1-eth0  input sockets size: 1
[ 2014/06/13 11:48:38.670155  INFO xorp_fea:20608 FEA fea/data_plane/io/io_ip_socket.cc:636 join_multicast_group ] Joined IPv6 group: ff02::d on interface r1-eth0 vif r1-eth0  socket: 56
[ 2014/06/13 11:48:38.670262 TRACE xorp_rtrmgr RTRMGR ] Expanding xrl $(pimsm6.targetname)/pim/0.1/set_vif_hello_triggered_delay?vif_name:txt=$(vif.@)&hello_triggered_delay:u32=$(@)
[ 2014/06/13 11:48:38.670367 TRACE xorp_rtrmgr RTRMGR ] Executing XRL: >finder://PIMSM_6/pim/0.1/set_vif_hello_triggered_delay?vif_name:txt=register_vif&hello_triggered_delay:u32=5<
[ 2014/06/13 11:48:38.670479 TRACE xorp_rtrmgr RTRMGR ] Expanding xrl $(pimsm6.targetname)/pim/0.1/start_vif?vif_name:txt=$(vif.@)
[ 2014/06/13 11:48:38.670550 TRACE xorp_rtrmgr RTRMGR ] Executing XRL: >finder://PIMSM_6/pim/0.1/start_vif?vif_name:txt=register_vif<
[ 2014/06/13 11:48:38.670682  INFO xorp_fea:20608 FEA fea/data_plane/io/io_ip_socket.cc:878 findOrCreateInputSocket ] Successfully bound socket: 57 to interface: r1-eth1  input sockets size: 2
[ 2014/06/13 11:48:38.670725  INFO xorp_fea:20608 FEA fea/data_plane/io/io_ip_socket.cc:636 join_multicast_group ] Joined IPv6 group: ff02::d on interface r1-eth1 vif r1-eth1  socket: 57
[ 2014/06/13 11:48:38.670707 INFO xorp_pimsm6 PIM ] Interface started: Vif[register_vif] pif_index: 0 vif_index: 2 addr: 2001::1 subnet: 2001::1/128 broadcast: :: peer: :: addr: fe80::9012:34ff:fe30:29fc subnet: fe80::9012:34ff:fe30:29fc/128 broadcast: :: peer: :: Flags: PIM_REGISTER UNDERLYING_VIF_UP MTU: 1500 UP IPv6 ENABLED
[ 2014/06/13 11:48:38.670837 TRACE xorp_rtrmgr RTRMGR ] Expanding xrl $(pimsm6.targetname)/pim/0.1/add_config_static_rp6?group_prefix:ipv6net=$(group-prefix.@)&rp_addr:ipv6=$(rp.@)&rp_priority:u32=$(@.rp-priority)&hash_mask_len:u32=$(@.hash-mask-len)
[ 2014/06/13 11:48:38.671020 TRACE xorp_rtrmgr RTRMGR ] Executing XRL: >finder://PIMSM_6/pim/0.1/add_config_static_rp6?group_prefix:ipv6net=ff00::/8&rp_addr:ipv6=2002::1&rp_priority:u32=192&hash_mask_len:u32=126<
[ 2014/06/13 11:48:38.671534 TRACE xorp_rtrmgr RTRMGR ] Expanding xrl $(pimsm6.targetname)/pim/0.1/config_static_rp_done
[ 2014/06/13 11:48:38.671601 TRACE xorp_rtrmgr RTRMGR ] Executing XRL: >finder://PIMSM_6/pim/0.1/config_static_rp_done<
[ 2014/06/13 11:48:38.672159 TRACE xorp_rtrmgr RTRMGR ] Expanding xrl $(pimsm6.targetname)/pim/0.1/set_switch_to_spt_threshold?is_enabled:bool=`~$(@.disable)`&interval_sec:u32=$(@.interval)&bytes:u32=$(@.bytes)
[ 2014/06/13 11:48:38.672300 TRACE xorp_rtrmgr RTRMGR ] Executing XRL: >finder://PIMSM_6/pim/0.1/set_switch_to_spt_threshold?is_enabled:bool=true&interval_sec:u32=100&bytes:u32=102400<
[ 2014/06/13 11:48:38.672827 TRACE xorp_rtrmgr RTRMGR ] Validating with XRL: >finder://PIMSM_6/common/0.1/get_status<
[ 2014/06/13 11:48:38.673017  INFO xorp_rtrmgr:20607 RTRMGR rtrmgr/module_manager.cc:100 execute ] Executing module: policy (xorp_policy)
[ 2014/06/13 11:48:38.673372 TRACE xorp_rtrmgr RTRMGR ] Validating with XRL: >finder://policy/common/0.1/get_status<
[ 2014/06/13 11:48:38.673531  WARNING xorp_rtrmgr:20607 XrlFinderTarget obj/x86_64-unknown-linux-gnu/xrl/targets/finder_base.cc:482 handle_finder_0_2_resolve_xrl ] Handling method for finder/0.2/resolve_xrl failed: XrlCmdError 102 Command failed Target "policy" does not exist or is not enabled.
[ 2014/06/13 11:48:38.673655  WARNING xorp_rtrmgr:20607 RTRMGR rtrmgr/task.cc:215 xrl_done ] Failed to receive reply, code: 201 Resolve failed  retries: 0  max_retries: 30
[ 2014/06/13 11:48:39.674689 TRACE xorp_rtrmgr RTRMGR ] Validating with XRL: >finder://policy/common/0.1/get_status<
[ 2014/06/13 11:48:39.675576 TRACE xorp_rtrmgr RTRMGR ] Startup with XRL: >finder://policy/common/0.1/startup<
[ 2014/06/13 11:48:39.676133 TRACE xorp_rtrmgr RTRMGR ] Validating with XRL: >finder://policy/common/0.1/get_status<
[ 2014/06/13 11:48:39.676409  INFO xorp_rtrmgr:20607 RTRMGR rtrmgr/module_manager.cc:100 execute ] Executing module: fib2mrib (xorp_fib2mrib)
[ 2014/06/13 11:48:39.676836 TRACE xorp_rtrmgr RTRMGR ] Validating with XRL: >finder://fib2mrib/common/0.1/get_status<
[ 2014/06/13 11:48:39.677025  WARNING xorp_rtrmgr:20607 XrlFinderTarget obj/x86_64-unknown-linux-gnu/xrl/targets/finder_base.cc:482 handle_finder_0_2_resolve_xrl ] Handling method for finder/0.2/resolve_xrl failed: XrlCmdError 102 Command failed Target "fib2mrib" does not exist or is not enabled.
[ 2014/06/13 11:48:39.677173  WARNING xorp_rtrmgr:20607 RTRMGR rtrmgr/task.cc:215 xrl_done ] Failed to receive reply, code: 201 Resolve failed  retries: 0  max_retries: 30
[ 2014/06/13 11:48:40.348702 WARNING xorp_mld MLD6IGMP ] RX packet from fe80::d8c2:49ff:fe5a:3e6e to ff02::2 on vif r1-eth1: too short data field (16 octets)
[ 2014/06/13 11:48:40.348769 WARNING xorp_mld MLD6IGMP ] RX packet from fe80::d8c2:49ff:fe5a:3e6e to ff02::2 on vif r1-eth1: too short data field (16 octets)
[ 2014/06/13 11:48:40.460682 WARNING xorp_mld MLD6IGMP ] RX packet from fe80::84f7:99ff:fe74:ea4d to ff02::2 on vif r1-eth1: too short data field (16 octets)
[ 2014/06/13 11:48:40.460740 WARNING xorp_mld MLD6IGMP ] RX packet from fe80::84f7:99ff:fe74:ea4d to ff02::2 on vif r1-eth1: too short data field (16 octets)
[ 2014/06/13 11:48:40.460807 WARNING xorp_mld MLD6IGMP ] RX packet from fe80::2c99:ccff:fe86:e9e1 to ff02::2 on vif r1-eth1: too short data field (16 octets)
[ 2014/06/13 11:48:40.460846 WARNING xorp_mld MLD6IGMP ] RX packet from fe80::2c99:ccff:fe86:e9e1 to ff02::2 on vif r1-eth1: too short data field (16 octets)
[ 2014/06/13 11:48:40.556679 WARNING xorp_mld MLD6IGMP ] RX packet from fe80::7869:6bff:fecc:def2 to ff02::2 on vif r1-eth1: too short data field (16 octets)
[ 2014/06/13 11:48:40.556738 WARNING xorp_mld MLD6IGMP ] RX packet from fe80::7869:6bff:fecc:def2 to ff02::2 on vif r1-eth1: too short data field (16 octets)
[ 2014/06/13 11:48:40.677340 TRACE xorp_rtrmgr RTRMGR ] Validating with XRL: >finder://fib2mrib/common/0.1/get_status<
[ 2014/06/13 11:48:40.678159 TRACE xorp_rtrmgr RTRMGR ] Startup with XRL: >finder://fib2mrib/common/0.1/startup<
[ 2014/06/13 11:48:40.678732 TRACE xorp_rtrmgr RTRMGR ] Validating with XRL: >finder://fib2mrib/common/0.1/get_status<
[ 2014/06/13 11:48:40.678993 TRACE xorp_rtrmgr RTRMGR ] Expanding xrl $(fib2mrib.targetname)/fib2mrib/0.1/start_fib2mrib
[ 2014/06/13 11:48:40.679058 TRACE xorp_rtrmgr RTRMGR ] Executing XRL: >finder://fib2mrib/fib2mrib/0.1/start_fib2mrib<
[ 2014/06/13 11:48:40.679622 TRACE xorp_rtrmgr RTRMGR ] Validating with XRL: >finder://fib2mrib/common/0.1/get_status<
[ 2014/06/13 11:48:40.679859  INFO xorp_rtrmgr:20607 RTRMGR rtrmgr/task.cc:2242 run_task ] No more tasks to run
[ 2014/06/13 11:48:40.908690 WARNING xorp_mld MLD6IGMP ] RX packet from fe80::ccee:a1ff:fe67:3ca7 to ff02::2 on vif r1-eth1: too short data field (16 octets)
[ 2014/06/13 11:48:40.908756 WARNING xorp_mld MLD6IGMP ] RX packet from fe80::ccee:a1ff:fe67:3ca7 to ff02::2 on vif r1-eth1: too short data field (16 octets)
[ 2014/06/13 11:48:40.956682 WARNING xorp_mld MLD6IGMP ] RX packet from fe80::ec85:c7ff:fe19:c48f to ff02::2 on vif r1-eth1: too short data field (16 octets)
[ 2014/06/13 11:48:40.956741 WARNING xorp_mld MLD6IGMP ] RX packet from fe80::ec85:c7ff:fe19:c48f to ff02::2 on vif r1-eth1: too short data field (16 octets)
[ 2014/06/13 11:48:40.956808 WARNING xorp_mld MLD6IGMP ] RX packet from fe80::3888:ceff:fe10:b775 to ff02::2 on vif r1-eth1: too short data field (16 octets)
[ 2014/06/13 11:48:40.956851 WARNING xorp_mld MLD6IGMP ] RX packet from fe80:
:3888:ceff:fe10:b775 to ff02::2 on vif r1-eth1: too short data field (16 octets)
[ 2014/06/13 11:48:40.988666 WARNING xorp_mld MLD6IGMP ] RX packet from fe80::54ec:d4ff:fe30:49d7 to ff02::2 on vif r1-eth0: too short data field (16 octets)
[ 2014/06/13 11:48:40.988725 WARNING xorp_mld MLD6IGMP ] RX packet from fe80::54ec:d4ff:fe30:49d7 to ff02::2 on vif r1-eth0: too short data field (16 octets)
[ 2014/06/13 11:48:41.236658 WARNING xorp_mld MLD6IGMP ] RX packet from fe80::5ced:daff:fe4d:15a2 to ff02::2 on vif r1-eth1: too short data field (16 octets)
[ 2014/06/13 11:48:41.236718 WARNING xorp_mld MLD6IGMP ] RX packet from fe80::5ced:daff:fe4d:15a2 to ff02::2 on vif r1-eth1: too short data field (16 octets)
[ 2014/06/13 11:48:41.260676 WARNING xorp_mld MLD6IGMP ] RX packet from fe80::d807:15ff:fe43:a375 to ff02::2 on vif r1-eth1: too short data field (16 octets)
[ 2014/06/13 11:48:41.260736 WARNING xorp_mld MLD6IGMP ] RX packet from fe80::d807:15ff:fe43:a375 to ff02::2 on vif r1-eth1: too short data field (16 octets)
[ 2014/06/13 11:48:41.372699 WARNING xorp_mld MLD6IGMP ] RX packet from fe80::2423:95ff:fe85:e5b to ff02::2 on vif r1-eth1: too short data field (16 octets)
[ 2014/06/13 11:48:41.372762 WARNING xorp_mld MLD6IGMP ] RX packet from fe80::2423:95ff:fe85:e5b to ff02::2 on vif r1-eth1: too short data field (16 octets)
[ 2014/06/13 11:50:18.6431  INFO xorp_rtrmgr:20607 RTRMGR rtrmgr/task.cc:1033 shutdown ] Shutting down module: fib2mrib
[ 2014/06/13 11:50:18.6502  INFO xorp_rtrmgr:20607 RTRMGR rtrmgr/task.cc:1073 shutdown ] Shutdown with XRL: >finder://fib2mrib/common/0.1/shutdown<
[ 2014/06/13 11:50:18.7147 TRACE xorp_rtrmgr RTRMGR ] Validating with XRL: >finder://fib2mrib/common/0.1/get_status<
[ 2014/06/13 11:50:19.7712 TRACE xorp_rtrmgr RTRMGR ] Validating with XRL: >finder://fib2mrib/common/0.1/get_status<
[ 2014/06/13 11:50:19.7936  WARNING xorp_rtrmgr:20607 XrlFinderTarget obj/x86_64-unknown-linux-gnu/xrl/targets/finder_base.cc:482 handle_finder_0_2_resolve_xrl ] Handling method for finder/0.2/resolve_xrl failed: XrlCmdError 102 Command failed Target "fib2mrib" does not exist or is not enabled.
[ 2014/06/13 11:50:20.8423  INFO xorp_rtrmgr:20607 RTRMGR rtrmgr/module_manager.cc:179 terminate ] Terminating module: fib2mrib
[ 2014/06/13 11:50:20.8493  INFO xorp_rtrmgr:20607 RTRMGR rtrmgr/module_manager.cc:202 terminate ] Killing module: fib2mrib
[ 2014/06/13 11:50:22.9270  INFO xorp_rtrmgr:20607 RTRMGR rtrmgr/module_manager.cc:241 terminate_with_prejudice ] Killing module with prejudice: fib2mrib
[ 2014/06/13 11:50:24.9658  INFO xorp_rtrmgr:20607 RTRMGR rtrmgr/task.cc:1033 shutdown ] Shutting down module: policy
[ 2014/06/13 11:50:24.9770  INFO xorp_rtrmgr:20607 RTRMGR rtrmgr/task.cc:1073 shutdown ] Shutdown with XRL: >finder://policy/common/0.1/shutdown<
[ 2014/06/13 11:50:24.10591 TRACE xorp_rtrmgr RTRMGR ] Validating with XRL: >finder://policy/common/0.1/get_status<
[ 2014/06/13 11:50:24.10643  INFO xorp_rtrmgr:20607 XRL libxipc/xrl_router.cc:459 lookup_sender ] Sender died (protocol = "unix", address = ":var:tmp:xrl.LLyTgl")
[ 2014/06/13 11:50:24.10735  ERROR xorp_rtrmgr:20607 LIBCOMM libcomm/comm_user.c:886 comm_connect_unix ] Error connecting to unix socket.  Path: /var/tmp/xrl.LLyTgl.  Error: No such file or directory
[ 2014/06/13 11:50:24.10818  ERROR xorp_rtrmgr:20607 XRL libxipc/xrl_pf_factory.cc:61 create_sender ] XrlPFSenderFactory::create failed: XrlPFConstructorError from line 153 of libxipc/xrl_pf_unix.cc: Could not connect to /var/tmp/xrl.LLyTgl

[ 2014/06/13 11:50:24.10837  ERROR xorp_rtrmgr:20607 XRL libxipc/xrl_router.cc:478 lookup_sender ] Could not create XrlPFSender for protocol = "unix" address = ":var:tmp:xrl.LLyTgl" 
[ 2014/06/13 11:50:24.10874  ERROR xorp_rtrmgr:20607 LIBCOMM libcomm/comm_user.c:886 comm_connect_unix ] Error connecting to unix socket.  Path: /var/tmp/xrl.IJfkiL.  Error: No such file or directory
[ 2014/06/13 11:50:24.10914  ERROR xorp_rtrmgr:20607 XRL libxipc/xrl_pf_factory.cc:61 create_sender ] XrlPFSenderFactory::create failed: XrlPFConstructorError from line 153 of libxipc/xrl_pf_unix.cc: Could not connect to /var/tmp/xrl.IJfkiL

[ 2014/06/13 11:50:24.10931  ERROR xorp_rtrmgr:20607 XRL libxipc/xrl_router.cc:478 lookup_sender ] Could not create XrlPFSender for protocol = "unix" address = ":var:tmp:xrl.IJfkiL" 
[ 2014/06/13 11:50:24.11346  WARNING xorp_rtrmgr:20607 XrlFinderTarget obj/x86_64-unknown-linux-gnu/xrl/targets/finder_base.cc:482 handle_finder_0_2_resolve_xrl ] Handling method for finder/0.2/resolve_xrl failed: XrlCmdError 102 Command failed Target "policy" does not exist or is not enabled.
[ 2014/06/13 11:50:25.12960  INFO xorp_rtrmgr:20607 RTRMGR rtrmgr/module_manager.cc:179 terminate ] Terminating module: policy
[ 2014/06/13 11:50:25.13043  INFO xorp_rtrmgr:20607 RTRMGR rtrmgr/module_manager.cc:202 terminate ] Killing module: policy
[ 2014/06/13 11:50:27.13346  INFO xorp_rtrmgr:20607 RTRMGR rtrmgr/module_manager.cc:241 terminate_with_prejudice ] Killing module with prejudice: policy
[ 2014/06/13 11:50:29.13739  INFO xorp_rtrmgr:20607 RTRMGR rtrmgr/task.cc:1033 shutdown ] Shutting down module: pimsm6
[ 2014/06/13 11:50:29.13866  INFO xorp_rtrmgr:20607 RTRMGR rtrmgr/task.cc:1073 shutdown ] Shutdown with XRL: >finder://PIMSM_6/common/0.1/shutdown<
[ 2014/06/13 11:50:29.14487 INFO xorp_pimsm6 PIM ] CLI stopped
[ 2014/06/13 11:50:29.14755 TRACE xorp_rtrmgr RTRMGR ] Validating with XRL: >finder://PIMSM_6/common/0.1/get_status<
[ 2014/06/13 11:50:29.14983 INFO xorp_pimsm6 PIM ] Interface stopped: Vif[r1-eth1] pif_index: 215 vif_index: 1 addr: 2002::1 subnet: 2002::/64 broadcast: :: peer: :: addr: fe80::7c33:26ff:fe71:7ee9 subnet: fe80::/64 broadcast: :: peer: :: Flags: MULTICAST BROADCAST UNDERLYING_VIF_UP MTU: 1500 DOWN IPv6 ENABLED
[ 2014/06/13 11:50:29.15389 INFO xorp_pimsm6 PIM ] Interface stopped: Vif[register_vif] pif_index: 0 vif_index: 2 addr: 2001::1 subnet: 2001::1/128 broadcast: :: peer: :: addr: fe80::9012:34ff:fe30:29fc subnet: fe80::9012:34ff:fe30:29fc/128 broadcast: :: peer: :: Flags: PIM_REGISTER UNDERLYING_VIF_UP MTU: 1500 DOWN IPv6 ENABLED
[ 2014/06/13 11:50:29.15620 INFO xorp_pimsm6 PIM ] Interface stopped: Vif[r1-eth0] pif_index: 204 vif_index: 0 addr: 2001::1 subnet: 2001::/64 broadcast: :: peer: :: addr: fe80::9012:34ff:fe30:29fc subnet: fe80::/64 broadcast: :: peer: :: Flags: MULTICAST BROADCAST UNDERLYING_VIF_UP MTU: 1500 DOWN IPv6 ENABLED
[ 2014/06/13 11:50:29.17153  WARNING xorp_fea:20608 MFEA fea/mfea_node.cc:1536 unregister_protocol ] unregister_protocol: module: PIMSM_6  iface: r1-eth1/r1-eth1
[ 2014/06/13 11:50:29.18209  WARNING xorp_fea:20608 MFEA fea/mfea_node.cc:1536 unregister_protocol ] unregister_protocol: module: PIMSM_6  iface: register_vif/register_vif
[ 2014/06/13 11:50:29.19548  WARNING xorp_fea:20608 MFEA fea/mfea_node.cc:1536 unregister_protocol ] unregister_protocol: module: PIMSM_6  iface: r1-eth0/r1-eth0
[ 2014/06/13 11:50:29.20134 INFO xorp_pimsm6 PIM ] Interface deleted: r1-eth0
[ 2014/06/13 11:50:29.20154 INFO xorp_pimsm6 PIM ] Interface deleted: r1-eth1
[ 2014/06/13 11:50:29.20164 INFO xorp_pimsm6 PIM ] Interface deleted: register_vif
[ 2014/06/13 11:50:29.20927  ERROR xorp_rtrmgr:20607 LIBXORP libxorp/asyncio.cc:735 complete_transfer ] Write error 104
[ 2014/06/13 11:50:30.16026 TRACE xorp_rtrmgr RTRMGR ] Validating with XRL: >finder://PIMSM_6/common/0.1/get_status<
[ 2014/06/13 11:50:30.16281  WARNING xorp_rtrmgr:20607 XrlFinderTarget obj/x86_64-unknown-linux-gnu/xrl/targets/finder_base.cc:482 handle_finder_0_2_resolve_xrl ] Handling method for finder/0.2/resolve_xrl failed: XrlCmdError 102 Command failed Target "PIMSM_6" does not exist or is not enabled.
[ 2014/06/13 11:50:31.17454  INFO xorp_rtrmgr:20607 RTRMGR rtrmgr/module_manager.cc:179 terminate ] Terminating module: pimsm6
[ 2014/06/13 11:50:31.17512  INFO xorp_rtrmgr:20607 RTRMGR rtrmgr/module_manager.cc:202 terminate ] Killing module: pimsm6
[ 2014/06/13 11:50:33.18495  INFO xorp_rtrmgr:20607 RTRMGR rtrmgr/module_manager.cc:241 terminate_with_prejudice ] Killing module with prejudice: pimsm6
[ 2014/06/13 11:50:35.18914  INFO xorp_rtrmgr:20607 RTRMGR rtrmgr/task.cc:1033 shutdown ] Shutting down module: rib
[ 2014/06/13 11:50:35.19027  INFO xorp_rtrmgr:20607 RTRMGR rtrmgr/task.cc:1073 shutdown ] Shutdown with XRL: >finder://rib/common/0.1/shutdown<
[ 2014/06/13 11:50:35.19762 TRACE xorp_rtrmgr RTRMGR ] Validating with XRL: >finder://rib/common/0.1/get_status<
[ 2014/06/13 11:50:36.20416 TRACE xorp_rtrmgr RTRMGR ] Validating with XRL: >finder://rib/common/0.1/get_status<
[ 2014/06/13 11:50:36.20605  WARNING xorp_rtrmgr:20607 XrlFinderTarget obj/x86_64-unknown-linux-gnu/xrl/targets/finder_base.cc:482 handle_finder_0_2_resolve_xrl ] Handling method for finder/0.2/resolve_xrl failed: XrlCmdError 102 Command failed Target "rib" does not exist or is not enabled.
[ 2014/06/13 11:50:37.21748  INFO xorp_rtrmgr:20607 RTRMGR rtrmgr/module_manager.cc:179 terminate ] Terminating module: rib
[ 2014/06/13 11:50:37.21814  INFO xorp_rtrmgr:20607 RTRMGR rtrmgr/module_manager.cc:202 terminate ] Killing module: rib
[ 2014/06/13 11:50:38.44094  ERROR xorp_fea:20608 MFEA fea/mfea_mrouter.cc:1499 delete_multicast_vif ] setsockopt(MRT6_DEL_MIF, vif r1-eth1) failed: Cannot assign requested address
[ 2014/06/13 11:50:38.44115  ERROR xorp_fea:20608 MFEA fea/mfea_vif.cc:193 stop ] Cannot delete multicast vif r1-eth1 with the kernel
[ 2014/06/13 11:50:38.44141  INFO xorp_fea:20608 MFEA fea/mfea_vif.cc:198 stop ] Interface stopped Vif[r1-eth1] pif_index: 215 vif_index: 1 addr: 2002::1 subnet: 2002::/64 broadcast: :: peer: :: addr: fe80::7c33:26ff:fe71:7ee9 subnet: fe80::/64 broadcast: :: peer: :: Flags: MULTICAST BROADCAST MTU: 1500 DOWN IPv6 ENABLED
[ 2014/06/13 11:50:38.44149  WARNING xorp_fea:20608 MFEA fea/mfea_vif.cc:111 start ] WARNING:  Delaying start of mfea-vif: r1-eth1 because underlying vif is not up.
[ 2014/06/13 11:50:38.44227  WARNIN
G xorp_fea:20608 FEA fea/data_plane/ifconfig/ifconfig_parse_netlink_socket.cc:629 nlm_dellink_to_fea_cfg ] dellink, interface: r1-eth1  tree: system-config
[ 2014/06/13 11:50:38.44243  INFO xorp_fea:20608 FEA fea/data_plane/io/io_ip_socket.cc:1420 notifyDeletingVif ] IoIpSocket::notifyDeletingVif: r1-eth1:r1-eth1
[ 2014/06/13 11:50:38.44266  INFO xorp_fea:20608 FEA fea/data_plane/io/io_ip_socket.cc:1435 notifyDeletingVif ] Closed socket: 45 on interface: r1-eth1:r1-eth1 because it is being deleted, input sockets count: 1
[ 2014/06/13 11:50:38.44276  ERROR xorp_fea:20608 MFEA fea/mfea_node.cc:500 vif_update ] vif_updated:  Delete: r1-eth1/r1-eth1
[ 2014/06/13 11:50:38.44284  ERROR xorp_fea:20608 MFEA fea/mfea_mrouter.cc:1499 delete_multicast_vif ] setsockopt(MRT6_DEL_MIF, vif r1-eth1) failed: Cannot assign requested address
[ 2014/06/13 11:50:38.44289  WARNING xorp_fea:20608 MFEA fea/mfea_node.cc:1536 unregister_protocol ] unregister_protocol: module:   iface: r1-eth1/r1-eth1
[ 2014/06/13 11:50:38.44305  INFO xorp_fea:20608 MFEA fea/mfea_node.cc:1135 delete_vif ] Interface deleted: r1-eth1
[ 2014/06/13 11:50:38.44313  INFO xorp_fea:20608 FEA fea/data_plane/io/io_ip_socket.cc:1420 notifyDeletingVif ] IoIpSocket::notifyDeletingVif: r1-eth1:r1-eth1
[ 2014/06/13 11:50:38.46062  INFO xorp_mld:20609 MLD6IGMP mld6igmp/mld6igmp_node.cc:824 set_vif_flags ] Interface flags changed: Vif[r1-eth1] pif_index: 215 vif_index: 1 addr: 2002::1 subnet: 2002::/64 broadcast: :: peer: :: addr: fe80::7c33:26ff:fe71:7ee9 subnet: fe80::/64 broadcast: :: peer: :: Flags: MULTICAST BROADCAST MTU: 1500
[ 2014/06/13 11:50:38.46337  INFO xorp_mld:20609 MLD6IGMP mld6igmp/mld6igmp_node.cc:966 delete_vif_addr ] Deleted address on interface r1-eth1: addr: 2002::1 subnet: 2002::/64 broadcast: :: peer: ::
[ 2014/06/13 11:50:38.46477  INFO xorp_mld:20609 MLD6IGMP mld6igmp/mld6igmp_vif.cc:408 stop ] Interface stopped: Vif[r1-eth1] pif_index: 215 vif_index: 1 addr: fe80::7c33:26ff:fe71:7ee9 subnet: fe80::/64 broadcast: :: peer: :: Flags: MULTICAST BROADCAST MTU: 1500 DOWN IPv6 ENABLED
[ 2014/06/13 11:50:38.46493  INFO xorp_mld:20609 MLD6IGMP mld6igmp/mld6igmp_node.cc:966 delete_vif_addr ] Deleted address on interface r1-eth1: addr: fe80::7c33:26ff:fe71:7ee9 subnet: fe80::/64 broadcast: :: peer: ::
[ 2014/06/13 11:50:38.46503  ERROR xorp_mld:20609 MLD6IGMP mld6igmp/mld6igmp_node.cc:978 delete_vif_addr ] Error updating primary address for vif r1-eth1: invalid primary address: ::  primary_a: ::
[ 2014/06/13 11:50:38.46832  INFO xorp_mld:20609 MLD6IGMP mld6igmp/mld6igmp_node.cc:772 delete_vif ] Interface deleted: r1-eth1
[ 2014/06/13 11:50:38.203513  WARNING xorp_fea:20608 FEA fea/iftree.cc:682 finalize_state ] Deleting interface: r1-eth1 from tree: system-config
[ 2014/06/13 11:50:38.219431  ERROR xorp_fea:20608 MFEA fea/mfea_mrouter.cc:1499 delete_multicast_vif ] setsockopt(MRT6_DEL_MIF, vif r1-eth0) failed: Cannot assign requested address
[ 2014/06/13 11:50:38.219467  ERROR xorp_fea:20608 MFEA fea/mfea_vif.cc:193 stop ] Cannot delete multicast vif r1-eth0 with the kernel
[ 2014/06/13 11:50:38.219516  INFO xorp_fea:20608 MFEA fea/mfea_vif.cc:198 stop ] Interface stopped Vif[r1-eth0] pif_index: 204 vif_index: 0 addr: 2001::1 subnet: 2001::/64 broadcast: :: peer: :: addr: fe80::9012:34ff:fe30:29fc subnet: fe80::/64 broadcast: :: peer: :: Flags: MULTICAST BROADCAST MTU: 1500 DOWN IPv6 ENABLED
[ 2014/06/13 11:50:38.219532  WARNING xorp_fea:20608 MFEA fea/mfea_vif.cc:111 start ] WARNING:  Delaying start of mfea-vif: r1-eth0 because underlying vif is not up.
[ 2014/06/13 11:50:38.219739  WARNING xorp_fea:20608 FEA fea/data_plane/ifconfig/ifconfig_parse_netlink_socket.cc:629 nlm_dellink_to_fea_cfg ] dellink, interface: r1-eth0  tree: system-config
[ 2014/06/13 11:50:38.219761  INFO xorp_fea:20608 FEA fea/data_plane/io/io_ip_socket.cc:1420 notifyDeletingVif ] IoIpSocket::notifyDeletingVif: r1-eth0:r1-eth0
[ 2014/06/13 11:50:38.219791  INFO xorp_fea:20608 FEA fea/data_plane/io/io_ip_socket.cc:1435 notifyDeletingVif ] Closed socket: 44 on interface: r1-eth0:r1-eth0 because it is being deleted, input sockets count: 0
[ 2014/06/13 11:50:38.219808  ERROR xorp_fea:20608 MFEA fea/mfea_node.cc:500 vif_update ] vif_updated:  Delete: r1-eth0/r1-eth0
[ 2014/06/13 11:50:38.219823  ERROR xorp_fea:20608 MFEA fea/mfea_mrouter.cc:1499 delete_multicast_vif ] setsockopt(MRT6_DEL_MIF, vif r1-eth0) failed: Cannot assign requested address
[ 2014/06/13 11:50:38.219833  WARNING xorp_fea:20608 MFEA fea/mfea_node.cc:1536 unregister_protocol ] unregister_protocol: module:   iface: r1-eth0/r1-eth0
[ 2014/06/13 11:50:38.219858  INFO xorp_fea:20608 MFEA fea/mfea_node.cc:1135 delete_vif ] Interface deleted: r1-eth0
[ 2014/06/13 11:50:38.219877  INFO xorp_fea:20608 FEA fea/data_plane/io/io_ip_socket.cc:1420 notifyDeletingVif ] IoIpSocket::notifyDeletingVif: r1-eth0:r1-eth0
[ 2014/06/13 11:50:38.222486  INFO xorp_mld:20609 MLD6IGMP mld6igmp/mld6igmp_node.cc:824 set_vif_flags ] Interface flags changed: Vif[r1-eth0] pif_index: 204 vif_index: 0 addr: 2001::1 subnet: 2001::/64 broadcast: :: peer: :: addr: fe80::9012:34ff:fe30:29fc subnet: fe80::/64 broadcast: :: peer: :: Flags: MULTICAST BROADCAST MTU: 1500
[ 2014/06/13 11:50:38.222591  INFO xorp_mld:20609 MLD6IGMP mld6igmp/mld6igmp_node.cc:966 delete_vif_addr ] Deleted address on interface r1-eth0: addr: 2001::1 subnet: 2001::/64 broadcast: :: peer: ::
[ 2014/06/13 11:50:38.222703  INFO xorp_mld:20609 MLD6IGMP mld6igmp/mld6igmp_vif.cc:408 stop ] Interface stopped: Vif[r1-eth0] pif_index: 204 vif_index: 0 addr: fe80::9012:34ff:fe30:29fc subnet: fe80::/64 broadcast: :: peer: :: Flags: MULTICAST BROADCAST MTU: 1500 DOWN IPv6 ENABLED
[ 2014/06/13 11:50:38.222719  INFO xorp_mld:20609 MLD6IGMP mld6igmp/mld6igmp_node.cc:966 delete_vif_addr ] Deleted address on interface r1-eth0: addr: fe80::9012:34ff:fe30:29fc subnet: fe80::/64 broadcast: :: peer: ::
[ 2014/06/13 11:50:38.222727  ERROR xorp_mld:20609 MLD6IGMP mld6igmp/mld6igmp_node.cc:978 delete_vif_addr ] Error updating primary address for vif r1-eth0: invalid primary address: ::  primary_a: ::
[ 2014/06/13 11:50:38.222946  INFO xorp_mld:20609 MLD6IGMP mld6igmp/mld6igmp_node.cc:772 delete_vif ] Interface deleted: r1-eth0
[ 2014/06/13 11:50:39.22583  INFO xorp_rtrmgr:20607 RTRMGR rtrmgr/module_manager.cc:241 terminate_with_prejudice ] Killing module with prejudice: rib
[ 2014/06/13 11:50:41.23645  INFO xorp_rtrmgr:20607 RTRMGR rtrmgr/task.cc:1033 shutdown ] Shutting down module: mld
[ 2014/06/13 11:50:41.23767  INFO xorp_rtrmgr:20607 RTRMGR rtrmgr/task.cc:1073 shutdown ] Shutdown with XRL: >finder://MLD/common/0.1/shutdown<
[ 2014/06/13 11:50:41.24387  INFO xorp_mld:20609 MLD6IGMP mld6igmp/mld6igmp_node_cli.cc:111 stop ] CLI stopped
[ 2014/06/13 11:50:41.24559 TRACE xorp_rtrmgr RTRMGR ] Validating with XRL: >finder://MLD/common/0.1/get_status<
[ 2014/06/13 11:50:41.24988  INFO xorp_mld:20609 MLD6IGMP mld6igmp/mld6igmp_node_cli.cc:111 stop ] CLI stopped
[ 2014/06/13 11:50:41.25447  INFO xorp_mld:20609 MLD6IGMP mld6igmp/mld6igmp_node_cli.cc:111 stop ] CLI stopped
[ 2014/06/13 11:50:41.25759  ERROR xorp_fea:20608 LIBXORP libxorp/buffered_asyncio.cc:226 io_event ] read error 104
[ 2014/06/13 11:50:41.25801  ERROR xorp_fea:20608 XRL libxipc/xrl_pf_stcp.cc:197 read_event ] Read failed (error = 104)
[ 2014/06/13 11:50:41.25813  ERROR xorp_fea:20608 XRL libxipc/xrl_pf_stcp.cc:407 die ] STCPRequestHandler died: read error
[ 2014/06/13 11:50:42.25812  INFO xorp_rtrmgr:20607 RTRMGR rtrmgr/module_manager.cc:179 terminate ] Terminating module: mld
[ 2014/06/13 11:50:42.25876  INFO xorp_rtrmgr:20607 RTRMGR rtrmgr/module_manager.cc:202 terminate ] Killing module: mld
[ 2014/06/13 11:50:44.26221  INFO xorp_rtrmgr:20607 RTRMGR rtrmgr/module_manager.cc:241 terminate_with_prejudice ] Killing module with prejudice: mld
[ 2014/06/13 11:50:46.27275  INFO xorp_rtrmgr:20607 RTRMGR rtrmgr/task.cc:1033 shutdown ] Shutting down module: mfea6
[ 2014/06/13 11:50:46.27397  INFO xorp_rtrmgr:20607 RTRMGR rtrmgr/task.cc:1073 shutdown ] Shutdown with XRL: >finder://MFEA_6/common/0.1/shutdown<
[ 2014/06/13 11:50:46.28005  INFO xorp_fea:20608 MFEA fea/mfea_node_cli.cc:111 stop ] CLI stopped
[ 2014/06/13 11:50:46.36570  INFO xorp_fea:20608 MFEA fea/mfea_vif.cc:198 stop ] Interface stopped Vif[register_vif] pif_index: 204 vif_index: 2 addr: 2001::1 subnet: 2001::1/128 broadcast: 2001::1 peer: :: addr: fe80::9012:34ff:fe30:29fc subnet: fe80::9012:34ff:fe30:29fc/128 broadcast: fe80::9012:34ff:fe30:29fc peer: :: Flags: PIM_REGISTER UNDERLYING_VIF_UP MTU: 1500 DOWN IPv6 ENABLED
[ 2014/06/13 11:50:46.36822 TRACE xorp_rtrmgr RTRMGR ] Validating with XRL: >finder://MFEA_6/common/0.1/get_status<
[ 2014/06/13 11:50:46.36822  WARNING xorp_fea:20608 FEA fea/iftree.cc:682 finalize_state ] Deleting interface: r1-eth0 from tree: system-config
[ 2014/06/13 11:50:46.36895  WARNING xorp_fea:20608 FEA fea/data_plane/ifconfig/ifconfig_parse_netlink_socket.cc:629 nlm_dellink_to_fea_cfg ] dellink, interface: pim6reg  tree: system-config
[ 2014/06/13 11:50:47.38135  INFO xorp_rtrmgr:20607 RTRMGR rtrmgr/module_manager.cc:179 terminate ] Terminating module: mfea6
[ 2014/06/13 11:50:47.38219  INFO xorp_rtrmgr:20607 RTRMGR rtrmgr/task.cc:1033 shutdown ] Shutting down module: interfaces
[ 2014/06/13 11:50:47.38296  INFO xorp_rtrmgr:20607 RTRMGR rtrmgr/task.cc:1073 shutdown ] Shutdown with XRL: >finder://fea/common/0.1/shutdown<
[ 2014/06/13 11:50:47.39227  INFO xorp_fea:20608 MFEA fea/mfea_node_cli.cc:111 stop ] CLI stopped
[ 2014/06/13 11:50:47.39397 TRACE xorp_rtrmgr RTRMGR ] Validating with XRL: >finder://fea/common/0.1/get_status<
[ 2014/06/13 11:50:47.40489  INFO xorp_fea:20608 MFEA fea/mfea_node.cc:1135 delete_vif ] Interface deleted: register_vif
[ 2014/06/13 11:50:47.41033  WARNING xorp_rtrmgr:20607 LIBXORP libxorp/asyncio.cc:229 read ] read error: _fd: 13  offset: 0  total-len: 4 error: Connection reset by peer
[ 2014/06/13 11:50:47.41287  WARNING xorp_rtrmgr:20607 LIBXORP libxorp/asyncio.cc:229 read ] read error: _fd: 10  offset: 0  total-len: 4 error: Connection reset by peer
[ 2014/06/13 11:50:48.40701 TRACE xorp_rtrmgr RTRMGR ] Validating with XRL: >finder://fea/common/0.1/get_status<
[ 2014/06/13 11:50:48.40849  WARNING xorp_rtrmgr:20607 XrlFinderTarget obj/x86_64-unknown-linux-gnu/xrl/targets/finder_base.cc:482 handle_finder_0_2_resolve_xrl ] Handling method for finder/0.2/resolve_xrl failed: XrlCmdError 102 Command failed Target "fea" does not exist or is not enabled.
[ 2014/06/13 11:50:49.41947  INFO xorp_rtrmgr:20607 RTRMGR rtrmgr/module_manager.cc:179 terminate ] Terminating module: interfaces
[ 2014/06/13 11:50:49.42094 TRACE xorp_rtrmgr RTRMGR ] Validating with XRL: >finder://fea/common/0.1/get_status<
[ 2014/06/13 11:50:49.42299  WARNING xorp_rtrmgr:20607 XrlFinderTarget obj/x86_64-unknown-linux-gnu/xrl/targets/finder_base.cc:482 handle_finder_0_2_resolve_xrl ] Handling method for finder/0.2/resolve_xrl failed: XrlCmdError 102 Command failed Target "fea" does not exist or is not enabled.
[ 2014/06/13 11:50:50.43433  INFO xorp_rtrmgr:20607 RTRMGR rtrmgr/module_manager.cc:179 terminate ] Terminating module: fea
[ 2014/06/13 11:50:50.43498  INFO xorp_rtrmgr:20607 RTRMGR rtrmgr/module_manager.cc:202 terminate ] Killing module: fea
[ 2014/06/13 11:50:52.44464  INFO xorp_rtrmgr:20607 RTRMGR rtrmgr/module_manager.cc:241 terminate_with_prejudice ] Killing module with prejudice: fea
[ 2014/06/13 11:50:54.45498  INFO xorp_rtrmgr:20607 RTRMGR rtrmgr/task.cc:2242 run_task ] No more tasks to run
